TN:
SF:src\utils\statistics.ts
FN:23,sum
FN:25,(anonymous_1)
FN:39,mean
FN:56,median
FN:83,mode
FN:113,min
FN:128,max
FN:148,variance
FN:152,(anonymous_8)
FN:169,standardDeviation
FN:185,coefficientOfVariation
FN:210,quartiles
FN:232,interquartileRange
FN:252,percentile
FN:293,detectOutliers
FN:302,(anonymous_15)
FN:318,zScore
FN:346,linearRegression
FN:354,(anonymous_18)
FN:355,(anonymous_19)
FN:404,predict
FN:428,shannonEntropy
FN:462,sortAscending
FN:463,(anonymous_23)
FN:478,round
FNF:25
FNH:25
FNDA:96,sum
FNDA:32354,(anonymous_1)
FNDA:64,mean
FNDA:11,median
FNDA:9,mode
FNDA:9,min
FNDA:9,max
FNDA:28,variance
FNDA:10101,(anonymous_8)
FNDA:20,standardDeviation
FNDA:8,coefficientOfVariation
FNDA:21,quartiles
FNDA:7,interquartileRange
FNDA:71,percentile
FNDA:12,detectOutliers
FNDA:65,(anonymous_15)
FNDA:9,zScore
FNDA:11,linearRegression
FNDA:1026,(anonymous_18)
FNDA:1026,(anonymous_19)
FNDA:9,predict
FNDA:13,shannonEntropy
FNDA:88,sortAscending
FNDA:10757,(anonymous_23)
FNDA:59,round
DA:24,96
DA:25,32354
DA:40,64
DA:41,63
DA:57,11
DA:59,10
DA:60,10
DA:62,10
DA:64,4
DA:67,6
DA:84,9
DA:86,8
DA:87,8
DA:88,8
DA:90,8
DA:91,32
DA:92,32
DA:94,32
DA:95,18
DA:96,18
DA:100,8
DA:114,9
DA:115,8
DA:129,9
DA:130,8
DA:149,28
DA:151,24
DA:152,10101
DA:155,24
DA:170,20
DA:186,8
DA:188,5
DA:189,5
DA:191,4
DA:192,4
DA:211,21
DA:212,1
DA:215,20
DA:233,7
DA:235,6
DA:236,6
DA:253,71
DA:254,70
DA:255,2
DA:258,68
DA:260,68
DA:261,67
DA:264,66
DA:265,66
DA:266,66
DA:267,66
DA:269,66
DA:270,37
DA:274,29
DA:294,12
DA:296,8
DA:297,8
DA:299,8
DA:300,8
DA:302,65
DA:319,9
DA:321,7
DA:322,7
DA:324,7
DA:326,6
DA:349,11
DA:350,2
DA:353,9
DA:354,1026
DA:355,1026
DA:357,9
DA:358,9
DA:361,9
DA:362,9
DA:364,9
DA:365,1026
DA:366,1026
DA:367,1026
DA:368,1026
DA:371,9
DA:372,9
DA:375,9
DA:376,9
DA:378,9
DA:379,1026
DA:380,1026
DA:381,1026
DA:384,9
DA:386,9
DA:408,9
DA:429,13
DA:432,12
DA:433,12
DA:434,10042
DA:438,12
DA:439,12
DA:441,12
DA:442,36
DA:443,36
DA:446,12
DA:463,10757
DA:479,59
DA:480,56
DA:481,56
LF:104
LH:104
BRDA:24,0,0,1
BRDA:24,0,1,95
BRDA:40,1,0,1
BRDA:40,1,1,63
BRDA:57,2,0,1
BRDA:57,2,1,10
BRDA:62,3,0,4
BRDA:62,3,1,6
BRDA:84,4,0,1
BRDA:84,4,1,8
BRDA:91,5,0,32
BRDA:91,5,1,20
BRDA:94,6,0,18
BRDA:94,6,1,14
BRDA:114,7,0,1
BRDA:114,7,1,8
BRDA:129,8,0,1
BRDA:129,8,1,8
BRDA:149,9,0,4
BRDA:149,9,1,24
BRDA:186,10,0,3
BRDA:186,10,1,5
BRDA:189,11,0,1
BRDA:189,11,1,4
BRDA:211,12,0,1
BRDA:211,12,1,20
BRDA:233,13,0,1
BRDA:233,13,1,6
BRDA:253,14,0,1
BRDA:253,14,1,70
BRDA:254,15,0,2
BRDA:254,15,1,68
BRDA:254,16,0,70
BRDA:254,16,1,69
BRDA:260,17,0,1
BRDA:260,17,1,67
BRDA:261,18,0,1
BRDA:261,18,1,66
BRDA:269,19,0,37
BRDA:269,19,1,29
BRDA:293,20,0,10
BRDA:294,21,0,4
BRDA:294,21,1,8
BRDA:302,22,0,65
BRDA:302,22,1,63
BRDA:319,23,0,2
BRDA:319,23,1,7
BRDA:324,24,0,1
BRDA:324,24,1,6
BRDA:349,25,0,2
BRDA:349,25,1,9
BRDA:371,26,0,1
BRDA:371,26,1,8
BRDA:384,27,0,1
BRDA:384,27,1,8
BRDA:429,28,0,1
BRDA:429,28,1,12
BRDA:434,29,0,10042
BRDA:434,29,1,36
BRDA:478,30,0,8
BRDA:479,31,0,3
BRDA:479,31,1,56
BRF:62
BRH:62
end_of_record
