TN:
SF:src\components\cards\CiderCard.tsx
FN:11,(anonymous_0)
FN:13,(anonymous_1)
FN:32,(anonymous_2)
FN:41,(anonymous_3)
FN:51,(anonymous_4)
FNF:5
FNH:0
FNDA:0,(anonymous_0)
FNDA:0,(anonymous_1)
FNDA:0,(anonymous_2)
FNDA:0,(anonymous_3)
FNDA:0,(anonymous_4)
DA:11,0
DA:13,0
DA:14,0
DA:15,0
DA:17,0
DA:18,0
DA:19,0
DA:28,0
DA:32,0
DA:33,0
DA:41,0
DA:42,0
DA:43,0
DA:44,0
DA:45,0
DA:48,0
DA:51,0
DA:103,0
DA:107,0
LF:19
LH:0
BRDA:22,0,0,0
BRDA:22,0,1,0
BRDA:24,1,0,0
BRDA:24,1,1,0
BRDA:42,2,0,0
BRDA:42,2,1,0
BRDA:43,3,0,0
BRDA:43,3,1,0
BRDA:44,4,0,0
BRDA:44,4,1,0
BRF:10
BRH:0
end_of_record
TN:
SF:src\components\cards\EnhancedCiderCard.tsx
FN:27,(anonymous_0)
FN:41,(anonymous_1)
FN:49,(anonymous_2)
FN:67,(anonymous_3)
FN:74,(anonymous_4)
FN:88,(anonymous_5)
FN:92,(anonymous_6)
FN:96,(anonymous_7)
FN:105,(anonymous_8)
FN:121,(anonymous_9)
FN:156,(anonymous_10)
FN:169,(anonymous_11)
FN:186,(anonymous_12)
FNF:13
FNH:0
FNDA:0,(anonymous_0)
FNDA:0,(anonymous_1)
FNDA:0,(anonymous_2)
FNDA:0,(anonymous_3)
FNDA:0,(anonymous_4)
FNDA:0,(anonymous_5)
FNDA:0,(anonymous_6)
FNDA:0,(anonymous_7)
FNDA:0,(anonymous_8)
FNDA:0,(anonymous_9)
FNDA:0,(anonymous_10)
FNDA:0,(anonymous_11)
FNDA:0,(anonymous_12)
DA:27,0
DA:37,0
DA:38,0
DA:41,0
DA:42,0
DA:49,0
DA:50,0
DA:51,0
DA:52,0
DA:54,0
DA:55,0
DA:56,0
DA:57,0
DA:58,0
DA:60,0
DA:64,0
DA:67,0
DA:68,0
DA:69,0
DA:70,0
DA:71,0
DA:74,0
DA:75,0
DA:85,0
DA:88,0
DA:89,0
DA:92,0
DA:93,0
DA:96,0
DA:97,0
DA:99,0
DA:103,0
DA:106,0
DA:121,0
DA:122,0
DA:124,0
DA:126,0
DA:156,0
DA:157,0
DA:159,0
DA:169,0
DA:170,0
DA:172,0
DA:186,0
DA:187,0
DA:189,0
DA:201,0
DA:292,0
LF:48
LH:0
BRDA:31,0,0,0
BRDA:32,1,0,0
BRDA:33,2,0,0
BRDA:34,3,0,0
BRDA:38,4,0,0
BRDA:38,4,1,0
BRDA:45,5,0,0
BRDA:45,5,1,0
BRDA:55,6,0,0
BRDA:55,6,1,0
BRDA:57,7,0,0
BRDA:57,7,1,0
BRDA:57,8,0,0
BRDA:57,8,1,0
BRDA:68,9,0,0
BRDA:68,9,1,0
BRDA:69,10,0,0
BRDA:69,10,1,0
BRDA:70,11,0,0
BRDA:70,11,1,0
BRDA:85,12,0,0
BRDA:85,12,1,0
BRDA:97,13,0,0
BRDA:97,13,1,0
BRDA:97,14,0,0
BRDA:97,14,1,0
BRDA:99,15,0,0
BRDA:99,15,1,0
BRDA:110,16,0,0
BRDA:110,16,1,0
BRDA:122,17,0,0
BRDA:122,17,1,0
BRDA:122,18,0,0
BRDA:122,18,1,0
BRDA:122,18,2,0
BRDA:122,18,3,0
BRDA:128,19,0,0
BRDA:128,19,1,0
BRDA:136,20,0,0
BRDA:136,20,1,0
BRDA:144,21,0,0
BRDA:144,21,1,0
BRDA:157,22,0,0
BRDA:157,22,1,0
BRDA:157,23,0,0
BRDA:157,23,1,0
BRDA:170,24,0,0
BRDA:170,24,1,0
BRDA:178,25,0,0
BRDA:178,25,1,0
BRDA:187,26,0,0
BRDA:187,26,1,0
BRDA:193,27,0,0
BRDA:193,27,1,0
BRDA:195,28,0,0
BRDA:195,28,1,0
BRDA:205,29,0,0
BRDA:205,29,1,0
BRDA:206,30,0,0
BRDA:206,30,1,0
BRDA:212,31,0,0
BRDA:212,31,1,0
BRDA:224,32,0,0
BRDA:224,32,1,0
BRDA:225,33,0,0
BRDA:225,33,1,0
BRDA:230,34,0,0
BRDA:230,34,1,0
BRDA:253,35,0,0
BRDA:253,35,1,0
BRDA:256,36,0,0
BRDA:256,36,1,0
BRDA:262,37,0,0
BRDA:262,37,1,0
BRDA:281,38,0,0
BRDA:281,38,1,0
BRF:76
BRH:0
end_of_record
TN:
SF:src\components\collection\SearchBar.tsx
FN:36,(anonymous_0)
FN:57,(anonymous_1)
FN:61,(anonymous_2)
FN:72,(anonymous_3)
FN:76,(anonymous_4)
FN:85,(anonymous_5)
FN:94,(anonymous_6)
FN:100,(anonymous_7)
FN:107,(anonymous_8)
FN:115,(anonymous_9)
FN:225,(anonymous_10)
FN:229,(anonymous_11)
FN:233,(anonymous_12)
FN:250,(anonymous_13)
FN:256,(anonymous_14)
FN:265,(anonymous_15)
FN:281,(anonymous_16)
FN:283,(anonymous_17)
FN:292,(anonymous_18)
FN:294,(anonymous_19)
FN:309,(anonymous_20)
FN:311,(anonymous_21)
FN:320,(anonymous_22)
FN:322,(anonymous_23)
FN:333,(anonymous_24)
FN:333,(anonymous_25)
FN:334,(anonymous_26)
FN:334,(anonymous_27)
FN:335,(anonymous_28)
FN:336,(anonymous_29)
FN:337,(anonymous_30)
FN:352,(anonymous_31)
FNF:32
FNH:0
FNDA:0,(anonymous_0)
FNDA:0,(anonymous_1)
FNDA:0,(anonymous_2)
FNDA:0,(anonymous_3)
FNDA:0,(anonymous_4)
FNDA:0,(anonymous_5)
FNDA:0,(anonymous_6)
FNDA:0,(anonymous_7)
FNDA:0,(anonymous_8)
FNDA:0,(anonymous_9)
FNDA:0,(anonymous_10)
FNDA:0,(anonymous_11)
FNDA:0,(anonymous_12)
FNDA:0,(anonymous_13)
FNDA:0,(anonymous_14)
FNDA:0,(anonymous_15)
FNDA:0,(anonymous_16)
FNDA:0,(anonymous_17)
FNDA:0,(anonymous_18)
FNDA:0,(anonymous_19)
FNDA:0,(anonymous_20)
FNDA:0,(anonymous_21)
FNDA:0,(anonymous_22)
FNDA:0,(anonymous_23)
FNDA:0,(anonymous_24)
FNDA:0,(anonymous_25)
FNDA:0,(anonymous_26)
FNDA:0,(anonymous_27)
FNDA:0,(anonymous_28)
FNDA:0,(anonymous_29)
FNDA:0,(anonymous_30)
FNDA:0,(anonymous_31)
DA:36,0
DA:43,0
DA:44,0
DA:45,0
DA:46,0
DA:47,0
DA:48,0
DA:50,0
DA:51,0
DA:52,0
DA:55,0
DA:57,0
DA:58,0
DA:61,0
DA:62,0
DA:63,0
DA:65,0
DA:72,0
DA:73,0
DA:76,0
DA:78,0
DA:85,0
DA:86,0
DA:89,0
DA:90,0
DA:94,0
DA:95,0
DA:96,0
DA:100,0
DA:101,0
DA:102,0
DA:103,0
DA:104,0
DA:107,0
DA:108,0
DA:109,0
DA:110,0
DA:111,0
DA:112,0
DA:115,0
DA:116,0
DA:129,0
DA:130,0
DA:134,0
DA:143,0
DA:145,0
DA:226,0
DA:230,0
DA:233,0
DA:250,0
DA:256,0
DA:265,0
DA:282,0
DA:283,0
DA:293,0
DA:294,0
DA:310,0
DA:311,0
DA:321,0
DA:322,0
DA:333,0
DA:334,0
DA:338,0
DA:352,0
DA:363,0
LF:65
LH:0
BRDA:37,0,0,0
BRDA:39,1,0,0
BRDA:41,2,0,0
BRDA:89,3,0,0
BRDA:89,3,1,0
BRDA:178,4,0,0
BRDA:178,4,1,0
BRDA:188,5,0,0
BRDA:188,5,1,0
BRDA:193,6,0,0
BRDA:193,6,1,0
BRDA:201,7,0,0
BRDA:201,7,1,0
BRDA:206,8,0,0
BRDA:206,8,1,0
BRDA:213,9,0,0
BRDA:213,9,1,0
BRDA:213,9,2,0
BRDA:213,9,3,0
BRDA:280,10,0,0
BRDA:280,10,1,0
BRDA:282,11,0,0
BRDA:282,11,1,0
BRDA:291,12,0,0
BRDA:291,12,1,0
BRDA:293,13,0,0
BRDA:293,13,1,0
BRDA:308,14,0,0
BRDA:308,14,1,0
BRDA:310,15,0,0
BRDA:310,15,1,0
BRDA:319,16,0,0
BRDA:319,16,1,0
BRDA:321,17,0,0
BRDA:321,17,1,0
BRF:35
BRH:0
end_of_record
TN:
SF:src\components\common\Button.tsx
FN:21,Button
FNF:1
FNH:0
FNDA:0,Button
DA:30,0
DA:37,0
DA:44,0
DA:64,0
LF:4
LH:0
BRDA:24,0,0,0
BRDA:25,1,0,0
BRDA:28,2,0,0
BRDA:32,3,0,0
BRDA:32,3,1,0
BRDA:33,4,0,0
BRDA:33,4,1,0
BRDA:39,5,0,0
BRDA:39,5,1,0
BRDA:40,6,0,0
BRDA:40,6,1,0
BRDA:48,7,0,0
BRDA:48,7,1,0
BRDA:51,8,0,0
BRDA:51,8,1,0
BRDA:53,9,0,0
BRDA:53,9,1,0
BRF:17
BRH:0
end_of_record
TN:
SF:src\components\common\Input.tsx
FN:21,(anonymous_0)
FN:32,(anonymous_1)
FN:36,(anonymous_2)
FN:44,(anonymous_3)
FNF:4
FNH:0
FNDA:0,(anonymous_0)
FNDA:0,(anonymous_1)
FNDA:0,(anonymous_2)
FNDA:0,(anonymous_3)
DA:21,0
DA:30,0
DA:32,0
DA:33,0
DA:36,0
DA:37,0
DA:40,0
DA:41,0
DA:44,0
DA:45,0
DA:46,0
DA:47,0
DA:49,0
DA:80,0
DA:84,0
LF:15
LH:0
BRDA:27,0,0,0
BRDA:45,1,0,0
BRDA:45,1,1,0
BRDA:46,2,0,0
BRDA:46,2,1,0
BRDA:53,3,0,0
BRDA:53,3,1,0
BRDA:54,4,0,0
BRDA:54,4,1,0
BRDA:57,5,0,0
BRDA:57,5,1,0
BRDA:68,6,0,0
BRDA:68,6,1,0
BRDA:71,7,0,0
BRDA:71,7,1,0
BRF:15
BRH:0
end_of_record
TN:
SF:src\components\common\LoadingSpinner.tsx
FN:10,LoadingSpinner
FNF:1
FNH:0
FNDA:0,LoadingSpinner
DA:11,0
DA:19,0
LF:2
LH:0
BRDA:10,0,0,0
BRDA:12,1,0,0
BRDA:12,1,1,0
BRDA:14,2,0,0
BRDA:14,2,1,0
BRF:5
BRH:0
end_of_record
TN:
SF:src\components\common\RatingInput.tsx
FN:13,(anonymous_0)
FN:15,(anonymous_1)
FN:24,(anonymous_2)
FN:25,(anonymous_3)
FN:28,(anonymous_4)
FNF:5
FNH:0
FNDA:0,(anonymous_0)
FNDA:0,(anonymous_1)
FNDA:0,(anonymous_2)
FNDA:0,(anonymous_3)
FNDA:0,(anonymous_4)
DA:13,0
DA:15,0
DA:16,0
DA:17,0
DA:18,0
DA:20,0
DA:24,0
DA:25,0
DA:28,0
DA:29,0
DA:45,0
DA:56,0
DA:60,0
LF:13
LH:0
BRDA:13,0,0,0
BRDA:38,1,0,0
BRDA:38,1,1,0
BRDA:40,2,0,0
BRDA:40,2,1,0
BRDA:47,3,0,0
BRDA:47,3,1,0
BRF:7
BRH:0
end_of_record
TN:
SF:src\components\common\SafeAreaContainer.tsx
FN:10,SafeAreaContainer
FNF:1
FNH:0
FNDA:0,SafeAreaContainer
DA:11,0
DA:14,0
LF:2
LH:0
BRF:0
BRH:0
end_of_record
TN:
SF:src\components\forms\FormSection.tsx
FN:33,(anonymous_0)
FN:44,(anonymous_1)
FN:51,(anonymous_2)
FNF:3
FNH:0
FNDA:0,(anonymous_0)
FNDA:0,(anonymous_1)
FNDA:0,(anonymous_2)
DA:17,0
DA:18,0
DA:19,0
DA:33,0
DA:42,0
DA:44,0
DA:45,0
DA:47,0
DA:48,0
DA:51,0
DA:52,0
DA:53,0
DA:54,0
DA:55,0
DA:58,0
DA:112,0
LF:16
LH:0
BRDA:17,0,0,0
BRDA:17,0,1,0
BRDA:18,1,0,0
BRDA:18,1,1,0
BRDA:37,2,0,0
BRDA:38,3,0,0
BRDA:39,4,0,0
BRDA:45,5,0,0
BRDA:45,5,1,0
BRDA:52,6,0,0
BRDA:52,6,1,0
BRDA:53,7,0,0
BRDA:53,7,1,0
BRDA:54,8,0,0
BRDA:54,8,1,0
BRDA:64,9,0,0
BRDA:64,9,1,0
BRDA:67,10,0,0
BRDA:67,10,1,0
BRDA:69,11,0,0
BRDA:69,11,1,0
BRDA:72,12,0,0
BRDA:72,12,1,0
BRDA:91,13,0,0
BRDA:91,13,1,0
BRDA:93,14,0,0
BRDA:93,14,1,0
BRDA:98,15,0,0
BRDA:98,15,1,0
BRDA:103,16,0,0
BRDA:103,16,1,0
BRF:31
BRH:0
end_of_record
TN:
SF:src\components\forms\ImagePicker.tsx
FN:26,(anonymous_0)
FN:36,(anonymous_1)
FN:52,(anonymous_2)
FN:64,(anonymous_3)
FN:89,(anonymous_4)
FN:114,(anonymous_5)
FN:120,(anonymous_6)
FN:125,(anonymous_7)
FN:132,(anonymous_8)
FN:137,(anonymous_9)
FN:142,(anonymous_10)
FN:147,(anonymous_11)
FNF:12
FNH:0
FNDA:0,(anonymous_0)
FNDA:0,(anonymous_1)
FNDA:0,(anonymous_2)
FNDA:0,(anonymous_3)
FNDA:0,(anonymous_4)
FNDA:0,(anonymous_5)
FNDA:0,(anonymous_6)
FNDA:0,(anonymous_7)
FNDA:0,(anonymous_8)
FNDA:0,(anonymous_9)
FNDA:0,(anonymous_10)
FNDA:0,(anonymous_11)
DA:26,0
DA:34,0
DA:36,0
DA:38,0
DA:39,0
DA:41,0
DA:42,0
DA:47,0
DA:49,0
DA:52,0
DA:53,0
DA:64,0
DA:65,0
DA:66,0
DA:68,0
DA:69,0
DA:70,0
DA:78,0
DA:79,0
DA:82,0
DA:83,0
DA:85,0
DA:89,0
DA:90,0
DA:91,0
DA:93,0
DA:94,0
DA:95,0
DA:103,0
DA:104,0
DA:107,0
DA:108,0
DA:110,0
DA:114,0
DA:115,0
DA:120,0
DA:125,0
DA:126,0
DA:127,0
DA:129,0
DA:132,0
DA:133,0
DA:135,0
DA:138,0
DA:143,0
DA:148,0
DA:156,0
DA:208,0
LF:48
LH:0
BRDA:31,0,0,0
BRDA:41,1,0,0
BRDA:41,1,1,0
BRDA:41,2,0,0
BRDA:41,2,1,0
BRDA:66,3,0,0
BRDA:66,3,1,0
BRDA:78,4,0,0
BRDA:78,4,1,0
BRDA:78,5,0,0
BRDA:78,5,1,0
BRDA:91,6,0,0
BRDA:91,6,1,0
BRDA:103,7,0,0
BRDA:103,7,1,0
BRDA:103,8,0,0
BRDA:103,8,1,0
BRDA:126,9,0,0
BRDA:126,9,1,0
BRDA:127,10,0,0
BRDA:127,10,1,0
BRDA:133,11,0,0
BRDA:133,11,1,0
BRDA:161,12,0,0
BRDA:161,12,1,0
BRDA:166,13,0,0
BRDA:166,13,1,0
BRDA:194,14,0,0
BRDA:194,14,1,0
BRF:29
BRH:0
end_of_record
TN:
SF:src\components\forms\ProgressHeader.tsx
FN:22,(anonymous_0)
FN:33,(anonymous_1)
FN:41,(anonymous_2)
FN:47,(anonymous_3)
FN:54,(anonymous_4)
FN:60,(anonymous_5)
FN:73,(anonymous_6)
FN:78,(anonymous_7)
FN:140,(anonymous_8)
FNF:9
FNH:0
FNDA:0,(anonymous_0)
FNDA:0,(anonymous_1)
FNDA:0,(anonymous_2)
FNDA:0,(anonymous_3)
FNDA:0,(anonymous_4)
FNDA:0,(anonymous_5)
FNDA:0,(anonymous_6)
FNDA:0,(anonymous_7)
FNDA:0,(anonymous_8)
DA:22,0
DA:29,0
DA:30,0
DA:31,0
DA:33,0
DA:34,0
DA:41,0
DA:42,0
DA:43,0
DA:44,0
DA:47,0
DA:48,0
DA:49,0
DA:50,0
DA:51,0
DA:54,0
DA:55,0
DA:56,0
DA:57,0
DA:60,0
DA:61,0
DA:63,0
DA:65,0
DA:67,0
DA:69,0
DA:73,0
DA:74,0
DA:78,0
DA:79,0
DA:80,0
DA:81,0
DA:84,0
DA:86,0
DA:141,0
DA:142,0
DA:153,0
LF:36
LH:0
BRDA:44,0,0,0
BRDA:44,0,1,0
BRDA:49,1,0,0
BRDA:49,1,1,0
BRDA:50,2,0,0
BRDA:50,2,1,0
BRDA:55,3,0,0
BRDA:55,3,1,0
BRDA:56,4,0,0
BRDA:56,4,1,0
BRDA:61,5,0,0
BRDA:61,5,1,0
BRDA:61,5,2,0
BRDA:61,5,3,0
BRDA:74,6,0,0
BRDA:74,6,1,0
BRDA:74,6,2,0
BRDA:74,6,3,0
BRDA:79,7,0,0
BRDA:79,7,1,0
BRDA:80,8,0,0
BRDA:80,8,1,0
BRDA:126,9,0,0
BRDA:126,9,1,0
BRDA:133,10,0,0
BRDA:133,10,1,0
BRDA:133,10,2,0
BRDA:133,10,3,0
BRDA:142,11,0,0
BRDA:142,11,1,0
BRF:30
BRH:0
end_of_record
TN:
SF:src\components\forms\SelectInput.tsx
FN:36,(anonymous_0)
FN:57,(anonymous_1)
FN:62,(anonymous_2)
FN:66,(anonymous_3)
FN:72,(anonymous_4)
FN:77,(anonymous_5)
FN:83,(anonymous_6)
FN:96,(anonymous_7)
FN:102,(anonymous_8)
FN:109,(anonymous_9)
FN:115,(anonymous_10)
FN:131,(anonymous_11)
FN:136,(anonymous_12)
FN:142,(anonymous_13)
FN:171,(anonymous_14)
FN:192,(anonymous_15)
FN:198,(anonymous_16)
FN:208,(anonymous_17)
FN:232,(anonymous_18)
FNF:19
FNH:0
FNDA:0,(anonymous_0)
FNDA:0,(anonymous_1)
FNDA:0,(anonymous_2)
FNDA:0,(anonymous_3)
FNDA:0,(anonymous_4)
FNDA:0,(anonymous_5)
FNDA:0,(anonymous_6)
FNDA:0,(anonymous_7)
FNDA:0,(anonymous_8)
FNDA:0,(anonymous_9)
FNDA:0,(anonymous_10)
FNDA:0,(anonymous_11)
FNDA:0,(anonymous_12)
FNDA:0,(anonymous_13)
FNDA:0,(anonymous_14)
FNDA:0,(anonymous_15)
FNDA:0,(anonymous_16)
FNDA:0,(anonymous_17)
FNDA:0,(anonymous_18)
DA:36,0
DA:49,0
DA:50,0
DA:52,0
DA:56,0
DA:58,0
DA:62,0
DA:63,0
DA:64,0
DA:65,0
DA:66,0
DA:67,0
DA:69,0
DA:71,0
DA:72,0
DA:73,0
DA:77,0
DA:78,0
DA:79,0
DA:82,0
DA:83,0
DA:85,0
DA:88,0
DA:90,0
DA:91,0
DA:93,0
DA:96,0
DA:97,0
DA:102,0
DA:103,0
DA:104,0
DA:106,0
DA:109,0
DA:110,0
DA:115,0
DA:131,0
DA:132,0
DA:134,0
DA:137,0
DA:143,0
DA:151,0
DA:171,0
DA:192,0
DA:198,0
DA:208,0
DA:233,0
DA:244,0
LF:47
LH:0
BRDA:41,0,0,0
BRDA:43,1,0,0
BRDA:44,2,0,0
BRDA:45,3,0,0
BRDA:46,4,0,0
BRDA:52,5,0,0
BRDA:52,5,1,0
BRDA:53,6,0,0
BRDA:53,6,1,0
BRDA:54,7,0,0
BRDA:54,7,1,0
BRDA:56,8,0,0
BRDA:56,8,1,0
BRDA:56,9,0,0
BRDA:56,9,1,0
BRDA:63,10,0,0
BRDA:63,10,1,0
BRDA:64,11,0,0
BRDA:64,11,1,0
BRDA:65,12,0,0
BRDA:65,12,1,0
BRDA:67,13,0,0
BRDA:67,13,1,0
BRDA:71,14,0,0
BRDA:71,14,1,0
BRDA:73,15,0,0
BRDA:73,15,1,0
BRDA:78,16,0,0
BRDA:78,16,1,0
BRDA:82,17,0,0
BRDA:82,17,1,0
BRDA:97,18,0,0
BRDA:97,18,1,0
BRDA:103,19,0,0
BRDA:103,19,1,0
BRDA:104,20,0,0
BRDA:104,20,1,0
BRDA:113,21,0,0
BRDA:113,21,1,0
BRDA:120,22,0,0
BRDA:120,22,1,0
BRDA:125,23,0,0
BRDA:125,23,1,0
BRDA:132,24,0,0
BRDA:132,24,1,0
BRDA:154,25,0,0
BRDA:154,25,1,0
BRDA:156,26,0,0
BRDA:156,26,1,0
BRDA:158,27,0,0
BRDA:158,27,1,0
BRDA:159,28,0,0
BRDA:159,28,1,0
BRDA:160,29,0,0
BRDA:160,29,1,0
BRDA:169,30,0,0
BRDA:169,30,1,0
BRDA:171,31,0,0
BRDA:171,31,1,0
BRDA:177,32,0,0
BRDA:177,32,1,0
BRDA:177,32,2,0
BRDA:177,32,3,0
BRDA:205,33,0,0
BRDA:205,33,1,0
BRDA:215,34,0,0
BRDA:215,34,1,0
BRF:67
BRH:0
end_of_record
TN:
SF:src\components\forms\TagSelector.tsx
FN:44,(anonymous_0)
FN:53,(anonymous_1)
FN:56,(anonymous_2)
FN:65,(anonymous_3)
FN:68,(anonymous_4)
FN:102,(anonymous_5)
FN:116,(anonymous_6)
FN:123,(anonymous_7)
FN:128,(anonymous_8)
FNF:9
FNH:0
FNDA:0,(anonymous_0)
FNDA:0,(anonymous_1)
FNDA:0,(anonymous_2)
FNDA:0,(anonymous_3)
FNDA:0,(anonymous_4)
FNDA:0,(anonymous_5)
FNDA:0,(anonymous_6)
FNDA:0,(anonymous_7)
FNDA:0,(anonymous_8)
DA:9,0
DA:44,0
DA:53,0
DA:54,0
DA:56,0
DA:59,0
DA:60,0
DA:65,0
DA:66,0
DA:68,0
DA:85,0
DA:102,0
DA:116,0
DA:124,0
DA:129,0
DA:139,0
DA:143,0
LF:17
LH:0
BRDA:46,0,0,0
BRDA:48,1,0,0
BRDA:50,2,0,0
BRDA:51,3,0,0
BRDA:54,4,0,0
BRDA:54,4,1,0
BRDA:59,5,0,0
BRDA:59,5,1,0
BRDA:71,6,0,0
BRDA:71,6,1,0
BRDA:74,7,0,0
BRDA:74,7,1,0
BRDA:78,8,0,0
BRDA:78,8,1,0
BRDA:90,9,0,0
BRDA:90,9,1,0
BRDA:98,10,0,0
BRDA:98,10,1,0
BRDA:121,11,0,0
BRDA:121,11,1,0
BRDA:121,11,2,0
BRF:21
BRH:0
end_of_record
TN:
SF:src\components\forms\ValidatedInput.tsx
FN:37,(anonymous_0)
FN:63,(anonymous_1)
FN:75,(anonymous_2)
FN:87,(anonymous_3)
FN:93,(anonymous_4)
FN:100,(anonymous_5)
FN:110,(anonymous_6)
FN:116,(anonymous_7)
FN:123,(anonymous_8)
FN:130,(anonymous_9)
FN:139,(anonymous_10)
FN:144,(anonymous_11)
FN:148,(anonymous_12)
FNF:13
FNH:0
FNDA:0,(anonymous_0)
FNDA:0,(anonymous_1)
FNDA:0,(anonymous_2)
FNDA:0,(anonymous_3)
FNDA:0,(anonymous_4)
FNDA:0,(anonymous_5)
FNDA:0,(anonymous_6)
FNDA:0,(anonymous_7)
FNDA:0,(anonymous_8)
FNDA:0,(anonymous_9)
FNDA:0,(anonymous_10)
FNDA:0,(anonymous_11)
FNDA:0,(anonymous_12)
DA:37,0
DA:58,0
DA:59,0
DA:60,0
DA:61,0
DA:63,0
DA:64,0
DA:65,0
DA:66,0
DA:68,0
DA:75,0
DA:76,0
DA:77,0
DA:78,0
DA:80,0
DA:87,0
DA:88,0
DA:89,0
DA:90,0
DA:93,0
DA:94,0
DA:100,0
DA:101,0
DA:103,0
DA:104,0
DA:106,0
DA:110,0
DA:111,0
DA:113,0
DA:117,0
DA:124,0
DA:131,0
DA:139,0
DA:140,0
DA:142,0
DA:145,0
DA:148,0
DA:157,0
DA:207,0
LF:39
LH:0
BRDA:45,0,0,0
BRDA:47,1,0,0
BRDA:48,2,0,0
BRDA:49,3,0,0
BRDA:50,4,0,0
BRDA:51,5,0,0
BRDA:53,6,0,0
BRDA:54,7,0,0
BRDA:55,8,0,0
BRDA:69,9,0,0
BRDA:69,9,1,0
BRDA:81,10,0,0
BRDA:81,10,1,0
BRDA:101,11,0,0
BRDA:101,11,1,0
BRDA:103,12,0,0
BRDA:103,12,1,0
BRDA:111,13,0,0
BRDA:111,13,1,0
BRDA:140,14,0,0
BRDA:140,14,1,0
BRDA:140,15,0,0
BRDA:140,15,1,0
BRDA:160,16,0,0
BRDA:160,16,1,0
BRDA:162,17,0,0
BRDA:162,17,1,0
BRDA:177,18,0,0
BRDA:177,18,1,0
BRDA:194,19,0,0
BRDA:194,19,1,0
BRF:31
BRH:0
end_of_record
TN:
SF:src\navigation\AppNavigator.tsx
FN:14,AppNavigator
FN:46,(anonymous_1)
FNF:2
FNH:0
FNDA:0,AppNavigator
FNDA:0,(anonymous_1)
DA:12,0
DA:15,0
DA:47,0
LF:3
LH:0
BRF:0
BRH:0
end_of_record
TN:
SF:src\navigation\TabNavigator.tsx
FN:13,TabNavigator
FN:16,(anonymous_1)
FN:17,(anonymous_2)
FNF:3
FNH:0
FNDA:0,TabNavigator
FNDA:0,(anonymous_1)
FNDA:0,(anonymous_2)
DA:11,0
DA:14,0
DA:16,0
DA:20,0
DA:21,0
DA:22,0
DA:23,0
DA:24,0
DA:25,0
DA:26,0
DA:27,0
DA:29,0
DA:32,0
LF:13
LH:0
BRDA:20,0,0,0
BRDA:20,0,1,0
BRDA:21,1,0,0
BRDA:21,1,1,0
BRDA:22,2,0,0
BRDA:22,2,1,0
BRDA:23,3,0,0
BRDA:23,3,1,0
BRDA:24,4,0,0
BRDA:24,4,1,0
BRDA:25,5,0,0
BRDA:25,5,1,0
BRDA:26,6,0,0
BRDA:26,6,1,0
BRDA:27,7,0,0
BRDA:27,7,1,0
BRF:16
BRH:0
end_of_record
TN:
SF:src\screens\Analytics\AnalyticsScreen.tsx
FN:23,StatCard
FN:44,TimeRangeSelector
FN:47,(anonymous_2)
FN:54,(anonymous_3)
FN:70,AnalyticsScreen
FN:76,(anonymous_5)
FN:100,(anonymous_6)
FN:105,(anonymous_7)
FN:109,(anonymous_8)
FN:114,(anonymous_9)
FN:287,(anonymous_10)
FN:291,(anonymous_11)
FN:301,(anonymous_12)
FN:302,(anonymous_13)
FN:316,(anonymous_14)
FN:317,(anonymous_15)
FN:320,(anonymous_16)
FN:321,(anonymous_17)
FN:331,(anonymous_18)
FN:332,(anonymous_19)
FNF:20
FNH:0
FNDA:0,StatCard
FNDA:0,TimeRangeSelector
FNDA:0,(anonymous_2)
FNDA:0,(anonymous_3)
FNDA:0,AnalyticsScreen
FNDA:0,(anonymous_5)
FNDA:0,(anonymous_6)
FNDA:0,(anonymous_7)
FNDA:0,(anonymous_8)
FNDA:0,(anonymous_9)
FNDA:0,(anonymous_10)
FNDA:0,(anonymous_11)
FNDA:0,(anonymous_12)
FNDA:0,(anonymous_13)
FNDA:0,(anonymous_14)
FNDA:0,(anonymous_15)
FNDA:0,(anonymous_16)
FNDA:0,(anonymous_17)
FNDA:0,(anonymous_18)
FNDA:0,(anonymous_19)
DA:13,0
DA:24,0
DA:45,0
DA:48,0
DA:54,0
DA:71,0
DA:72,0
DA:73,0
DA:74,0
DA:76,0
DA:77,0
DA:78,0
DA:79,0
DA:82,0
DA:85,0
DA:86,0
DA:88,0
DA:89,0
DA:91,0
DA:93,0
DA:94,0
DA:99,0
DA:101,0
DA:105,0
DA:106,0
DA:109,0
DA:110,0
DA:111,0
DA:114,0
DA:115,0
DA:118,0
DA:119,0
DA:126,0
DA:127,0
DA:152,0
DA:288,0
DA:291,0
DA:301,0
DA:302,0
DA:316,0
DA:317,0
DA:320,0
DA:321,0
DA:331,0
DA:332,0
DA:351,0
LF:46
LH:0
BRDA:30,0,0,0
BRDA:30,0,1,0
BRDA:52,1,0,0
BRDA:52,1,1,0
BRDA:59,2,0,0
BRDA:59,2,1,0
BRDA:76,3,0,0
BRDA:78,4,0,0
BRDA:78,4,1,0
BRDA:118,5,0,0
BRDA:118,5,1,0
BRDA:126,6,0,0
BRDA:126,6,1,0
BRDA:126,7,0,0
BRDA:126,7,1,0
BRDA:235,8,0,0
BRDA:235,8,1,0
BRDA:262,9,0,0
BRDA:262,9,1,0
BRDA:279,10,0,0
BRDA:279,10,1,0
BRDA:301,11,0,0
BRDA:302,12,0,0
BRDA:331,13,0,0
BRDA:332,14,0,0
BRF:25
BRH:0
end_of_record
TN:
SF:src\screens\Collection\CiderDetailScreen.tsx
FN:23,CiderDetailScreen
FN:29,(anonymous_1)
FN:42,(anonymous_2)
FN:53,(anonymous_3)
FN:82,(anonymous_4)
FN:88,(anonymous_5)
FN:93,(anonymous_6)
FN:96,(anonymous_7)
FN:188,(anonymous_8)
FN:240,(anonymous_9)
FN:312,(anonymous_10)
FN:319,(anonymous_11)
FNF:12
FNH:0
FNDA:0,CiderDetailScreen
FNDA:0,(anonymous_1)
FNDA:0,(anonymous_2)
FNDA:0,(anonymous_3)
FNDA:0,(anonymous_4)
FNDA:0,(anonymous_5)
FNDA:0,(anonymous_6)
FNDA:0,(anonymous_7)
FNDA:0,(anonymous_8)
FNDA:0,(anonymous_9)
FNDA:0,(anonymous_10)
FNDA:0,(anonymous_11)
DA:24,0
DA:25,0
DA:26,0
DA:27,0
DA:29,0
DA:30,0
DA:31,0
DA:32,0
DA:34,0
DA:35,0
DA:36,0
DA:38,0
DA:42,0
DA:43,0
DA:45,0
DA:54,0
DA:55,0
DA:56,0
DA:57,0
DA:59,0
DA:67,0
DA:68,0
DA:77,0
DA:78,0
DA:82,0
DA:88,0
DA:89,0
DA:90,0
DA:93,0
DA:94,0
DA:96,0
DA:99,0
DA:189,0
DA:240,0
DA:312,0
DA:319,0
DA:336,0
LF:37
LH:0
BRDA:43,0,0,0
BRDA:43,0,1,0
BRDA:67,1,0,0
BRDA:67,1,1,0
BRDA:77,2,0,0
BRDA:77,2,1,0
BRDA:109,3,0,0
BRDA:109,3,1,0
BRDA:129,4,0,0
BRDA:129,4,1,0
BRDA:138,5,0,0
BRDA:138,5,1,0
BRDA:149,6,0,0
BRDA:149,6,1,0
BRDA:149,6,2,0
BRDA:149,6,3,0
BRDA:149,6,4,0
BRDA:153,7,0,0
BRDA:153,7,1,0
BRDA:160,8,0,0
BRDA:160,8,1,0
BRDA:167,9,0,0
BRDA:167,9,1,0
BRDA:174,10,0,0
BRDA:174,10,1,0
BRDA:184,11,0,0
BRDA:184,11,1,0
BRDA:184,11,2,0
BRDA:198,12,0,0
BRDA:198,12,1,0
BRDA:202,13,0,0
BRDA:202,13,1,0
BRDA:202,13,2,0
BRDA:209,14,0,0
BRDA:209,14,1,0
BRDA:209,14,2,0
BRDA:216,15,0,0
BRDA:216,15,1,0
BRDA:226,16,0,0
BRDA:226,16,1,0
BRDA:230,17,0,0
BRDA:230,17,1,0
BRDA:237,18,0,0
BRDA:237,18,1,0
BRDA:237,18,2,0
BRDA:247,19,0,0
BRDA:247,19,1,0
BRDA:274,20,0,0
BRDA:274,20,1,0
BRDA:290,21,0,0
BRDA:290,21,1,0
BRDA:295,22,0,0
BRDA:295,22,1,0
BRDA:298,23,0,0
BRDA:298,23,1,0
BRDA:298,23,2,0
BRF:56
BRH:0
end_of_record
TN:
SF:src\screens\Collection\CollectionScreen.tsx
FN:14,CollectionScreen
FN:19,(anonymous_1)
FN:47,(anonymous_2)
FN:53,(anonymous_3)
FN:57,(anonymous_4)
FN:62,(anonymous_5)
FN:67,(anonymous_6)
FN:72,(anonymous_7)
FN:84,(anonymous_8)
FN:97,(anonymous_9)
FNF:10
FNH:0
FNDA:0,CollectionScreen
FNDA:0,(anonymous_1)
FNDA:0,(anonymous_2)
FNDA:0,(anonymous_3)
FNDA:0,(anonymous_4)
FNDA:0,(anonymous_5)
FNDA:0,(anonymous_6)
FNDA:0,(anonymous_7)
FNDA:0,(anonymous_8)
FNDA:0,(anonymous_9)
DA:15,0
DA:16,0
DA:17,0
DA:19,0
DA:20,0
DA:21,0
DA:22,0
DA:26,0
DA:29,0
DA:30,0
DA:32,0
DA:34,0
DA:35,0
DA:38,0
DA:40,0
DA:41,0
DA:46,0
DA:48,0
DA:53,0
DA:54,0
DA:57,0
DA:58,0
DA:59,0
DA:62,0
DA:63,0
DA:67,0
DA:68,0
DA:72,0
DA:73,0
DA:84,0
DA:85,0
DA:87,0
DA:97,0
DA:99,0
DA:100,0
DA:107,0
DA:135,0
LF:37
LH:0
BRDA:19,0,0,0
BRDA:21,1,0,0
BRDA:21,1,1,0
BRDA:85,2,0,0
BRDA:85,2,1,0
BRDA:90,3,0,0
BRDA:90,3,1,0
BRDA:99,4,0,0
BRDA:99,4,1,0
BRDA:115,5,0,0
BRDA:115,5,1,0
BRF:11
BRH:0
end_of_record
TN:
SF:src\screens\Collection\EnhancedCollectionScreen.tsx
FN:30,EnhancedCollectionScreen
FN:52,(anonymous_1)
FN:57,(anonymous_2)
FN:63,(anonymous_3)
FN:77,(anonymous_4)
FN:83,(anonymous_5)
FN:93,(anonymous_6)
FN:102,(anonymous_7)
FN:103,(anonymous_8)
FN:105,(anonymous_9)
FN:116,(anonymous_10)
FN:121,(anonymous_11)
FN:130,(anonymous_12)
FN:145,(anonymous_13)
FN:151,(anonymous_14)
FN:152,(anonymous_15)
FN:159,(anonymous_16)
FN:181,(anonymous_17)
FN:182,(anonymous_18)
FN:198,(anonymous_19)
FN:212,(anonymous_20)
FN:225,(anonymous_21)
FN:256,(anonymous_22)
FN:287,(anonymous_23)
FN:302,(anonymous_24)
FN:310,(anonymous_25)
FN:325,(anonymous_26)
FN:328,(anonymous_27)
FN:335,(anonymous_28)
FN:387,(anonymous_29)
FN:412,(anonymous_30)
FNF:31
FNH:0
FNDA:0,EnhancedCollectionScreen
FNDA:0,(anonymous_1)
FNDA:0,(anonymous_2)
FNDA:0,(anonymous_3)
FNDA:0,(anonymous_4)
FNDA:0,(anonymous_5)
FNDA:0,(anonymous_6)
FNDA:0,(anonymous_7)
FNDA:0,(anonymous_8)
FNDA:0,(anonymous_9)
FNDA:0,(anonymous_10)
FNDA:0,(anonymous_11)
FNDA:0,(anonymous_12)
FNDA:0,(anonymous_13)
FNDA:0,(anonymous_14)
FNDA:0,(anonymous_15)
FNDA:0,(anonymous_16)
FNDA:0,(anonymous_17)
FNDA:0,(anonymous_18)
FNDA:0,(anonymous_19)
FNDA:0,(anonymous_20)
FNDA:0,(anonymous_21)
FNDA:0,(anonymous_22)
FNDA:0,(anonymous_23)
FNDA:0,(anonymous_24)
FNDA:0,(anonymous_25)
FNDA:0,(anonymous_26)
FNDA:0,(anonymous_27)
FNDA:0,(anonymous_28)
FNDA:0,(anonymous_29)
FNDA:0,(anonymous_30)
DA:44,0
DA:46,0
DA:47,0
DA:48,0
DA:49,0
DA:50,0
DA:52,0
DA:53,0
DA:56,0
DA:58,0
DA:63,0
DA:64,0
DA:65,0
DA:77,0
DA:78,0
DA:79,0
DA:80,0
DA:83,0
DA:84,0
DA:85,0
DA:88,0
DA:89,0
DA:93,0
DA:94,0
DA:95,0
DA:96,0
DA:98,0
DA:102,0
DA:103,0
DA:104,0
DA:105,0
DA:106,0
DA:107,0
DA:109,0
DA:111,0
DA:116,0
DA:117,0
DA:118,0
DA:121,0
DA:122,0
DA:131,0
DA:132,0
DA:133,0
DA:135,0
DA:137,0
DA:145,0
DA:146,0
DA:147,0
DA:148,0
DA:151,0
DA:152,0
DA:159,0
DA:160,0
DA:162,0
DA:181,0
DA:182,0
DA:198,0
DA:199,0
DA:213,0
DA:214,0
DA:225,0
DA:256,0
DA:257,0
DA:287,0
DA:288,0
DA:302,0
DA:310,0
DA:311,0
DA:313,0
DA:321,0
DA:325,0
DA:329,0
DA:335,0
DA:362,0
DA:363,0
DA:376,0
DA:387,0
DA:412,0
DA:421,0
LF:79
LH:0
BRDA:64,0,0,0
BRDA:64,0,1,0
BRDA:84,1,0,0
BRDA:84,1,1,0
BRDA:94,2,0,0
BRDA:94,2,1,0
BRDA:104,3,0,0
BRDA:104,3,1,0
BRDA:106,4,0,0
BRDA:106,4,1,0
BRDA:124,5,0,0
BRDA:124,5,1,0
BRDA:146,6,0,0
BRDA:146,6,1,0
BRDA:146,7,0,0
BRDA:146,7,1,0
BRDA:152,8,0,0
BRDA:152,8,1,0
BRDA:165,9,0,0
BRDA:165,9,1,0
BRDA:210,10,0,0
BRDA:210,10,1,0
BRDA:229,11,0,0
BRDA:229,11,1,0
BRDA:238,12,0,0
BRDA:238,12,1,0
BRDA:278,13,0,0
BRDA:278,13,1,0
BRDA:291,14,0,0
BRDA:291,14,1,0
BRDA:294,15,0,0
BRDA:294,15,1,0
BRDA:299,16,0,0
BRDA:299,16,1,0
BRDA:311,17,0,0
BRDA:311,17,1,0
BRDA:333,18,0,0
BRDA:333,18,1,0
BRDA:341,19,0,0
BRDA:341,19,1,0
BRDA:346,20,0,0
BRDA:346,20,1,0
BRDA:348,21,0,0
BRDA:348,21,1,0
BRDA:362,22,0,0
BRDA:362,22,1,0
BRDA:378,23,0,0
BRDA:378,23,1,0
BRDA:380,24,0,0
BRDA:380,24,1,0
BRDA:388,25,0,0
BRDA:388,25,1,0
BRDA:392,26,0,0
BRDA:392,26,1,0
BRDA:409,27,0,0
BRDA:409,27,1,0
BRDA:409,27,2,0
BRDA:409,27,3,0
BRF:58
BRH:0
end_of_record
TN:
SF:src\screens\ExperienceLog\ExperienceLogScreen.tsx
FN:40,ExperienceLogScreen
FN:68,(anonymous_1)
FN:76,(anonymous_2)
FN:86,(anonymous_3)
FN:87,(anonymous_4)
FN:103,(anonymous_5)
FN:129,(anonymous_6)
FN:133,(anonymous_7)
FN:143,(anonymous_8)
FN:144,(anonymous_9)
FN:153,(anonymous_10)
FN:154,(anonymous_11)
FN:165,(anonymous_12)
FN:167,(anonymous_13)
FN:174,(anonymous_14)
FN:175,(anonymous_15)
FN:181,(anonymous_16)
FN:183,(anonymous_17)
FN:191,(anonymous_18)
FN:237,(anonymous_19)
FN:372,(anonymous_20)
FN:384,(anonymous_21)
FN:388,(anonymous_22)
FN:408,(anonymous_23)
FN:421,(anonymous_24)
FN:428,(anonymous_25)
FN:452,(anonymous_26)
FN:453,(anonymous_27)
FN:454,(anonymous_28)
FN:455,(anonymous_29)
FN:456,(anonymous_30)
FN:459,(anonymous_31)
FN:460,(anonymous_32)
FNF:33
FNH:0
FNDA:0,ExperienceLogScreen
FNDA:0,(anonymous_1)
FNDA:0,(anonymous_2)
FNDA:0,(anonymous_3)
FNDA:0,(anonymous_4)
FNDA:0,(anonymous_5)
FNDA:0,(anonymous_6)
FNDA:0,(anonymous_7)
FNDA:0,(anonymous_8)
FNDA:0,(anonymous_9)
FNDA:0,(anonymous_10)
FNDA:0,(anonymous_11)
FNDA:0,(anonymous_12)
FNDA:0,(anonymous_13)
FNDA:0,(anonymous_14)
FNDA:0,(anonymous_15)
FNDA:0,(anonymous_16)
FNDA:0,(anonymous_17)
FNDA:0,(anonymous_18)
FNDA:0,(anonymous_19)
FNDA:0,(anonymous_20)
FNDA:0,(anonymous_21)
FNDA:0,(anonymous_22)
FNDA:0,(anonymous_23)
FNDA:0,(anonymous_24)
FNDA:0,(anonymous_25)
FNDA:0,(anonymous_26)
FNDA:0,(anonymous_27)
FNDA:0,(anonymous_28)
FNDA:0,(anonymous_29)
FNDA:0,(anonymous_30)
FNDA:0,(anonymous_31)
FNDA:0,(anonymous_32)
DA:41,0
DA:44,0
DA:45,0
DA:46,0
DA:47,0
DA:49,0
DA:64,0
DA:65,0
DA:68,0
DA:69,0
DA:70,0
DA:72,0
DA:76,0
DA:77,0
DA:86,0
DA:87,0
DA:88,0
DA:89,0
DA:92,0
DA:93,0
DA:94,0
DA:95,0
DA:96,0
DA:98,0
DA:101,0
DA:102,0
DA:103,0
DA:112,0
DA:113,0
DA:115,0
DA:118,0
DA:119,0
DA:121,0
DA:125,0
DA:129,0
DA:130,0
DA:131,0
DA:133,0
DA:143,0
DA:144,0
DA:153,0
DA:154,0
DA:165,0
DA:166,0
DA:167,0
DA:174,0
DA:175,0
DA:181,0
DA:182,0
DA:183,0
DA:191,0
DA:192,0
DA:194,0
DA:195,0
DA:197,0
DA:199,0
DA:222,0
DA:225,0
DA:228,0
DA:231,0
DA:237,0
DA:243,0
DA:244,0
DA:249,0
DA:253,0
DA:254,0
DA:261,0
DA:262,0
DA:271,0
DA:372,0
DA:373,0
DA:385,0
DA:388,0
DA:408,0
DA:409,0
DA:419,0
DA:422,0
DA:428,0
DA:452,0
DA:453,0
DA:454,0
DA:455,0
DA:456,0
DA:459,0
DA:460,0
DA:461,0
DA:462,0
DA:463,0
DA:467,0
LF:89
LH:0
BRDA:69,0,0,0
BRDA:69,0,1,0
BRDA:69,1,0,0
BRDA:69,1,1,0
BRDA:78,2,0,0
BRDA:78,2,1,0
BRDA:78,2,2,0
BRDA:78,2,3,0
BRDA:93,3,0,0
BRDA:93,3,1,0
BRDA:102,4,0,0
BRDA:102,4,1,0
BRDA:102,5,0,0
BRDA:102,5,1,0
BRDA:115,6,0,0
BRDA:115,6,1,0
BRDA:137,7,0,0
BRDA:137,7,1,0
BRDA:138,8,0,0
BRDA:138,8,1,0
BRDA:159,9,0,0
BRDA:159,9,1,0
BRDA:166,10,0,0
BRDA:166,10,1,0
BRDA:166,11,0,0
BRDA:166,11,1,0
BRDA:182,12,0,0
BRDA:182,12,1,0
BRDA:192,13,0,0
BRDA:192,13,1,0
BRDA:192,14,0,0
BRDA:192,14,1,0
BRDA:208,15,0,0
BRDA:208,15,1,0
BRDA:213,16,0,0
BRDA:213,16,1,0
BRDA:253,17,0,0
BRDA:253,17,1,0
BRDA:261,18,0,0
BRDA:261,18,1,0
BRDA:275,19,0,0
BRDA:275,19,1,0
BRDA:276,20,0,0
BRDA:276,20,1,0
BRDA:292,21,0,0
BRDA:292,21,1,0
BRDA:350,22,0,0
BRDA:350,22,1,0
BRDA:352,23,0,0
BRDA:352,23,1,0
BRDA:356,24,0,0
BRDA:356,24,1,0
BRDA:382,25,0,0
BRDA:382,25,1,0
BRDA:382,25,2,0
BRDA:393,26,0,0
BRDA:393,26,1,0
BRDA:426,27,0,0
BRDA:426,27,1,0
BRDA:433,28,0,0
BRDA:433,28,1,0
BRDA:438,29,0,0
BRDA:438,29,1,0
BRDA:462,30,0,0
BRDA:462,30,1,0
BRF:65
BRH:0
end_of_record
TN:
SF:src\screens\QuickEntry\EnhancedQuickEntryScreen.tsx
FN:43,EnhancedQuickEntryScreen
FN:47,(anonymous_1)
FN:72,(anonymous_2)
FN:80,(anonymous_3)
FN:85,(anonymous_4)
FN:89,(anonymous_5)
FN:95,(anonymous_6)
FN:96,(anonymous_7)
FN:103,(anonymous_8)
FN:112,(anonymous_9)
FN:119,(anonymous_10)
FN:146,(anonymous_11)
FN:155,(anonymous_12)
FN:183,(anonymous_13)
FN:197,(anonymous_14)
FN:219,(anonymous_15)
FN:220,(anonymous_16)
FN:235,(anonymous_17)
FN:245,(anonymous_18)
FN:263,(anonymous_19)
FN:291,(anonymous_20)
FN:300,(anonymous_21)
FN:308,(anonymous_22)
FN:312,(anonymous_23)
FN:320,(anonymous_24)
FN:322,(anonymous_25)
FN:359,(anonymous_26)
FN:378,(anonymous_27)
FN:395,(anonymous_28)
FN:408,(anonymous_29)
FN:423,(anonymous_30)
FN:438,(anonymous_31)
FN:451,(anonymous_32)
FN:468,(anonymous_33)
FN:492,(anonymous_34)
FN:494,(anonymous_35)
FN:503,(anonymous_36)
FN:509,(anonymous_37)
FN:523,(anonymous_38)
FN:576,(anonymous_39)
FN:604,(anonymous_40)
FNF:41
FNH:0
FNDA:0,EnhancedQuickEntryScreen
FNDA:0,(anonymous_1)
FNDA:0,(anonymous_2)
FNDA:0,(anonymous_3)
FNDA:0,(anonymous_4)
FNDA:0,(anonymous_5)
FNDA:0,(anonymous_6)
FNDA:0,(anonymous_7)
FNDA:0,(anonymous_8)
FNDA:0,(anonymous_9)
FNDA:0,(anonymous_10)
FNDA:0,(anonymous_11)
FNDA:0,(anonymous_12)
FNDA:0,(anonymous_13)
FNDA:0,(anonymous_14)
FNDA:0,(anonymous_15)
FNDA:0,(anonymous_16)
FNDA:0,(anonymous_17)
FNDA:0,(anonymous_18)
FNDA:0,(anonymous_19)
FNDA:0,(anonymous_20)
FNDA:0,(anonymous_21)
FNDA:0,(anonymous_22)
FNDA:0,(anonymous_23)
FNDA:0,(anonymous_24)
FNDA:0,(anonymous_25)
FNDA:0,(anonymous_26)
FNDA:0,(anonymous_27)
FNDA:0,(anonymous_28)
FNDA:0,(anonymous_29)
FNDA:0,(anonymous_30)
FNDA:0,(anonymous_31)
FNDA:0,(anonymous_32)
FNDA:0,(anonymous_33)
FNDA:0,(anonymous_34)
FNDA:0,(anonymous_35)
FNDA:0,(anonymous_36)
FNDA:0,(anonymous_37)
FNDA:0,(anonymous_38)
FNDA:0,(anonymous_39)
FNDA:0,(anonymous_40)
DA:29,0
DA:44,0
DA:47,0
DA:48,0
DA:49,0
DA:51,0
DA:53,0
DA:66,0
DA:68,0
DA:69,0
DA:71,0
DA:74,0
DA:80,0
DA:81,0
DA:82,0
DA:85,0
DA:86,0
DA:89,0
DA:90,0
DA:95,0
DA:96,0
DA:97,0
DA:98,0
DA:103,0
DA:106,0
DA:108,0
DA:111,0
DA:112,0
DA:119,0
DA:125,0
DA:126,0
DA:132,0
DA:134,0
DA:146,0
DA:149,0
DA:150,0
DA:156,0
DA:157,0
DA:160,0
DA:171,0
DA:177,0
DA:183,0
DA:191,0
DA:192,0
DA:193,0
DA:195,0
DA:196,0
DA:197,0
DA:211,0
DA:219,0
DA:220,0
DA:235,0
DA:236,0
DA:237,0
DA:242,0
DA:245,0
DA:247,0
DA:248,0
DA:251,0
DA:263,0
DA:264,0
DA:268,0
DA:272,0
DA:275,0
DA:278,0
DA:279,0
DA:281,0
DA:291,0
DA:297,0
DA:298,0
DA:300,0
DA:308,0
DA:309,0
DA:312,0
DA:313,0
DA:320,0
DA:322,0
DA:323,0
DA:329,0
DA:332,0
DA:334,0
DA:335,0
DA:338,0
DA:339,0
DA:341,0
DA:343,0
DA:346,0
DA:347,0
DA:348,0
DA:349,0
DA:350,0
DA:351,0
DA:354,0
DA:359,0
DA:373,0
DA:379,0
DA:380,0
DA:390,0
DA:395,0
DA:402,0
DA:408,0
DA:417,0
DA:423,0
DA:433,0
DA:438,0
DA:446,0
DA:451,0
DA:459,0
DA:460,0
DA:468,0
DA:469,0
DA:470,0
DA:471,0
DA:475,0
DA:492,0
DA:494,0
DA:495,0
DA:496,0
DA:499,0
DA:503,0
DA:505,0
DA:506,0
DA:509,0
DA:510,0
DA:511,0
DA:512,0
DA:515,0
DA:519,0
DA:524,0
DA:539,0
DA:540,0
DA:555,0
DA:577,0
DA:604,0
DA:616,0
LF:135
LH:0
BRDA:81,0,0,0
BRDA:81,0,1,0
BRDA:90,1,0,0
BRDA:90,1,1,0
BRDA:97,2,0,0
BRDA:97,2,1,0
BRDA:97,3,0,0
BRDA:97,3,1,0
BRDA:173,4,0,0
BRDA:173,4,1,0
BRDA:191,5,0,0
BRDA:191,5,1,0
BRDA:191,6,0,0
BRDA:191,6,1,0
BRDA:191,6,2,0
BRDA:192,7,0,0
BRDA:192,7,1,0
BRDA:192,8,0,0
BRDA:192,8,1,0
BRDA:193,9,0,0
BRDA:193,9,1,0
BRDA:193,10,0,0
BRDA:193,10,1,0
BRDA:195,11,0,0
BRDA:195,11,1,0
BRDA:195,12,0,0
BRDA:195,12,1,0
BRDA:199,13,0,0
BRDA:199,13,1,0
BRDA:199,14,0,0
BRDA:199,14,1,0
BRDA:201,15,0,0
BRDA:201,15,1,0
BRDA:236,16,0,0
BRDA:236,16,1,0
BRDA:254,17,0,0
BRDA:254,17,1,0
BRDA:255,18,0,0
BRDA:255,18,1,0
BRDA:256,19,0,0
BRDA:256,19,1,0
BRDA:257,20,0,0
BRDA:257,20,1,0
BRDA:264,21,0,0
BRDA:264,21,1,0
BRDA:264,22,0,0
BRDA:264,22,1,0
BRDA:264,22,2,0
BRDA:264,22,3,0
BRDA:297,23,0,0
BRDA:297,23,1,0
BRDA:332,24,0,0
BRDA:332,24,1,0
BRDA:334,25,0,0
BRDA:334,25,1,0
BRDA:341,26,0,0
BRDA:341,26,1,0
BRDA:341,26,2,0
BRDA:341,26,3,0
BRDA:341,26,4,0
BRDA:341,26,5,0
BRDA:341,26,6,0
BRDA:341,26,7,0
BRDA:346,27,0,0
BRDA:346,27,1,0
BRDA:347,28,0,0
BRDA:347,28,1,0
BRDA:347,29,0,0
BRDA:347,29,1,0
BRDA:349,30,0,0
BRDA:349,30,1,0
BRDA:350,31,0,0
BRDA:350,31,1,0
BRDA:350,32,0,0
BRDA:350,32,1,0
BRDA:358,33,0,0
BRDA:358,33,1,0
BRDA:365,34,0,0
BRDA:365,34,1,0
BRDA:365,35,0,0
BRDA:365,35,1,0
BRDA:367,36,0,0
BRDA:367,36,1,0
BRDA:368,37,0,0
BRDA:368,37,1,0
BRDA:368,38,0,0
BRDA:368,38,1,0
BRDA:368,39,0,0
BRDA:368,39,1,0
BRDA:377,40,0,0
BRDA:377,40,1,0
BRDA:379,41,0,0
BRDA:379,41,1,0
BRDA:394,42,0,0
BRDA:394,42,1,0
BRDA:407,43,0,0
BRDA:407,43,1,0
BRDA:422,44,0,0
BRDA:422,44,1,0
BRDA:437,45,0,0
BRDA:437,45,1,0
BRDA:495,46,0,0
BRDA:495,46,1,0
BRDA:499,47,0,0
BRDA:499,47,1,0
BRDA:505,48,0,0
BRDA:505,48,1,0
BRDA:512,49,0,0
BRDA:512,49,1,0
BRDA:512,49,2,0
BRDA:515,50,0,0
BRDA:515,50,1,0
BRDA:522,51,0,0
BRDA:522,51,1,0
BRDA:539,52,0,0
BRDA:539,52,1,0
BRDA:568,53,0,0
BRDA:568,53,1,0
BRDA:577,54,0,0
BRDA:577,54,1,0
BRDA:583,55,0,0
BRDA:583,55,1,0
BRDA:586,56,0,0
BRDA:586,56,1,0
BRDA:600,57,0,0
BRDA:600,57,1,0
BRF:126
BRH:0
end_of_record
TN:
SF:src\screens\QuickEntry\QuickEntryScreen.tsx
FN:15,QuickEntryScreen
FN:27,(anonymous_1)
FN:34,(anonymous_2)
FN:74,(anonymous_3)
FN:94,(anonymous_4)
FN:105,(anonymous_5)
FN:116,(anonymous_6)
FN:117,(anonymous_7)
FN:118,(anonymous_8)
FN:121,(anonymous_9)
FN:130,(anonymous_10)
FN:131,(anonymous_11)
FN:132,(anonymous_12)
FN:133,(anonymous_13)
FN:174,(anonymous_14)
FN:195,(anonymous_15)
FNF:16
FNH:0
FNDA:0,QuickEntryScreen
FNDA:0,(anonymous_1)
FNDA:0,(anonymous_2)
FNDA:0,(anonymous_3)
FNDA:0,(anonymous_4)
FNDA:0,(anonymous_5)
FNDA:0,(anonymous_6)
FNDA:0,(anonymous_7)
FNDA:0,(anonymous_8)
FNDA:0,(anonymous_9)
FNDA:0,(anonymous_10)
FNDA:0,(anonymous_11)
FNDA:0,(anonymous_12)
FNDA:0,(anonymous_13)
FNDA:0,(anonymous_14)
FNDA:0,(anonymous_15)
DA:16,0
DA:23,0
DA:24,0
DA:27,0
DA:28,0
DA:32,0
DA:34,0
DA:36,0
DA:38,0
DA:39,0
DA:42,0
DA:44,0
DA:46,0
DA:49,0
DA:52,0
DA:59,0
DA:62,0
DA:64,0
DA:74,0
DA:80,0
DA:81,0
DA:84,0
DA:88,0
DA:91,0
DA:92,0
DA:94,0
DA:98,0
DA:100,0
DA:105,0
DA:106,0
DA:112,0
DA:116,0
DA:117,0
DA:118,0
DA:120,0
DA:121,0
DA:122,0
DA:123,0
DA:124,0
DA:130,0
DA:131,0
DA:132,0
DA:133,0
DA:135,0
DA:175,0
DA:176,0
DA:217,0
LF:47
LH:0
BRDA:38,0,0,0
BRDA:38,0,1,0
BRDA:84,1,0,0
BRDA:84,1,1,0
BRDA:91,2,0,0
BRDA:91,2,1,0
BRDA:91,3,0,0
BRDA:91,3,1,0
BRDA:120,4,0,0
BRDA:120,4,1,0
BRDA:139,5,0,0
BRDA:139,5,1,0
BRDA:173,6,0,0
BRDA:173,6,1,0
BRDA:175,7,0,0
BRDA:175,7,1,0
BRDA:190,8,0,0
BRDA:190,8,1,0
BRF:18
BRH:0
end_of_record
TN:
SF:src\screens\Settings\SettingsScreen.tsx
FN:17,SettingItem
FN:31,SettingsScreen
FN:32,(anonymous_2)
FN:40,(anonymous_3)
FN:48,(anonymous_4)
FNF:5
FNH:0
FNDA:0,SettingItem
FNDA:0,SettingsScreen
FNDA:0,(anonymous_2)
FNDA:0,(anonymous_3)
FNDA:0,(anonymous_4)
DA:18,0
DA:32,0
DA:33,0
DA:40,0
DA:41,0
DA:48,0
DA:49,0
DA:56,0
DA:129,0
LF:9
LH:0
BRF:0
BRH:0
end_of_record
TN:
SF:src\services\analytics\AnalyticsService.ts
FN:55,(anonymous_0)
FN:62,(anonymous_1)
FN:75,(anonymous_2)
FN:81,(anonymous_3)
FN:82,(anonymous_4)
FN:111,(anonymous_5)
FN:148,(anonymous_6)
FN:151,(anonymous_7)
FN:164,(anonymous_8)
FN:168,(anonymous_9)
FN:191,(anonymous_10)
FN:208,(anonymous_11)
FN:213,(anonymous_12)
FN:229,(anonymous_13)
FN:237,(anonymous_14)
FN:245,(anonymous_15)
FN:246,(anonymous_16)
FN:255,(anonymous_17)
FN:256,(anonymous_18)
FN:265,(anonymous_19)
FN:266,(anonymous_20)
FN:276,(anonymous_21)
FN:279,(anonymous_22)
FN:306,(anonymous_23)
FN:318,(anonymous_24)
FN:327,(anonymous_25)
FN:341,(anonymous_26)
FN:345,(anonymous_27)
FN:346,(anonymous_28)
FN:349,(anonymous_29)
FN:356,(anonymous_30)
FN:357,(anonymous_31)
FN:375,(anonymous_32)
FN:386,(anonymous_33)
FN:408,(anonymous_34)
FN:413,(anonymous_35)
FN:419,(anonymous_36)
FN:442,(anonymous_37)
FN:444,(anonymous_38)
FN:458,(anonymous_39)
FN:463,(anonymous_40)
FN:468,(anonymous_41)
FN:469,(anonymous_42)
FN:487,(anonymous_43)
FNF:44
FNH:0
FNDA:0,(anonymous_0)
FNDA:0,(anonymous_1)
FNDA:0,(anonymous_2)
FNDA:0,(anonymous_3)
FNDA:0,(anonymous_4)
FNDA:0,(anonymous_5)
FNDA:0,(anonymous_6)
FNDA:0,(anonymous_7)
FNDA:0,(anonymous_8)
FNDA:0,(anonymous_9)
FNDA:0,(anonymous_10)
FNDA:0,(anonymous_11)
FNDA:0,(anonymous_12)
FNDA:0,(anonymous_13)
FNDA:0,(anonymous_14)
FNDA:0,(anonymous_15)
FNDA:0,(anonymous_16)
FNDA:0,(anonymous_17)
FNDA:0,(anonymous_18)
FNDA:0,(anonymous_19)
FNDA:0,(anonymous_20)
FNDA:0,(anonymous_21)
FNDA:0,(anonymous_22)
FNDA:0,(anonymous_23)
FNDA:0,(anonymous_24)
FNDA:0,(anonymous_25)
FNDA:0,(anonymous_26)
FNDA:0,(anonymous_27)
FNDA:0,(anonymous_28)
FNDA:0,(anonymous_29)
FNDA:0,(anonymous_30)
FNDA:0,(anonymous_31)
FNDA:0,(anonymous_32)
FNDA:0,(anonymous_33)
FNDA:0,(anonymous_34)
FNDA:0,(anonymous_35)
FNDA:0,(anonymous_36)
FNDA:0,(anonymous_37)
FNDA:0,(anonymous_38)
FNDA:0,(anonymous_39)
FNDA:0,(anonymous_40)
FNDA:0,(anonymous_41)
FNDA:0,(anonymous_42)
FNDA:0,(anonymous_43)
DA:56,0
DA:57,0
DA:59,0
DA:63,0
DA:65,0
DA:66,0
DA:69,0
DA:75,0
DA:76,0
DA:79,0
DA:82,0
DA:86,0
DA:89,0
DA:99,0
DA:100,0
DA:102,0
DA:104,0
DA:105,0
DA:112,0
DA:114,0
DA:129,0
DA:139,0
DA:145,0
DA:149,0
DA:151,0
DA:152,0
DA:153,0
DA:156,0
DA:159,0
DA:161,0
DA:165,0
DA:168,0
DA:169,0
DA:170,0
DA:171,0
DA:174,0
DA:175,0
DA:177,0
DA:178,0
DA:179,0
DA:180,0
DA:185,0
DA:186,0
DA:188,0
DA:195,0
DA:206,0
DA:208,0
DA:209,0
DA:210,0
DA:212,0
DA:213,0
DA:214,0
DA:216,0
DA:217,0
DA:223,0
DA:224,0
DA:226,0
DA:230,0
DA:232,0
DA:233,0
DA:236,0
DA:237,0
DA:238,0
DA:239,0
DA:240,0
DA:244,0
DA:245,0
DA:246,0
DA:247,0
DA:248,0
DA:249,0
DA:250,0
DA:254,0
DA:255,0
DA:256,0
DA:257,0
DA:258,0
DA:259,0
DA:260,0
DA:264,0
DA:265,0
DA:266,0
DA:267,0
DA:268,0
DA:269,0
DA:270,0
DA:273,0
DA:277,0
DA:279,0
DA:280,0
DA:281,0
DA:285,0
DA:290,0
DA:291,0
DA:293,0
DA:294,0
DA:295,0
DA:296,0
DA:300,0
DA:301,0
DA:303,0
DA:310,0
DA:311,0
DA:318,0
DA:320,0
DA:331,0
DA:332,0
DA:341,0
DA:342,0
DA:343,0
DA:345,0
DA:346,0
DA:349,0
DA:350,0
DA:353,0
DA:354,0
DA:355,0
DA:356,0
DA:357,0
DA:359,0
DA:376,0
DA:377,0
DA:386,0
DA:387,0
DA:389,0
DA:390,0
DA:398,0
DA:399,0
DA:400,0
DA:402,0
DA:405,0
DA:408,0
DA:409,0
DA:413,0
DA:414,0
DA:415,0
DA:416,0
DA:419,0
DA:420,0
DA:421,0
DA:422,0
DA:425,0
DA:444,0
DA:445,0
DA:447,0
DA:448,0
DA:451,0
DA:452,0
DA:454,0
DA:457,0
DA:458,0
DA:463,0
DA:466,0
DA:467,0
DA:468,0
DA:470,0
DA:471,0
DA:474,0
DA:475,0
DA:481,0
DA:488,0
DA:489,0
DA:491,0
DA:493,0
DA:494,0
DA:496,0
DA:497,0
DA:499,0
DA:500,0
DA:502,0
DA:503,0
DA:505,0
DA:506,0
DA:509,0
DA:513,0
LF:175
LH:0
BRDA:56,0,0,0
BRDA:56,0,1,0
BRDA:62,1,0,0
BRDA:79,2,0,0
BRDA:79,2,1,0
BRDA:112,3,0,0
BRDA:112,3,1,0
BRDA:149,4,0,0
BRDA:149,4,1,0
BRDA:165,5,0,0
BRDA:165,5,1,0
BRDA:169,6,0,0
BRDA:169,6,1,0
BRDA:170,7,0,0
BRDA:170,7,1,0
BRDA:178,8,0,0
BRDA:178,8,1,0
BRDA:188,9,0,0
BRDA:188,9,1,0
BRDA:213,10,0,0
BRDA:213,10,1,0
BRDA:214,11,0,0
BRDA:214,11,1,0
BRDA:230,12,0,0
BRDA:230,12,1,0
BRDA:236,13,0,0
BRDA:236,13,1,0
BRDA:247,14,0,0
BRDA:247,14,1,0
BRDA:257,15,0,0
BRDA:257,15,1,0
BRDA:267,16,0,0
BRDA:267,16,1,0
BRDA:273,17,0,0
BRDA:273,17,1,0
BRDA:277,18,0,0
BRDA:277,18,1,0
BRDA:280,19,0,0
BRDA:280,19,1,0
BRDA:294,20,0,0
BRDA:294,20,1,0
BRDA:310,21,0,0
BRDA:310,21,1,0
BRDA:331,22,0,0
BRDA:331,22,1,0
BRDA:360,23,0,0
BRDA:360,23,1,0
BRDA:365,24,0,0
BRDA:365,24,1,0
BRDA:376,25,0,0
BRDA:376,25,1,0
BRDA:389,26,0,0
BRDA:389,26,1,0
BRDA:409,27,0,0
BRDA:409,27,1,0
BRDA:416,28,0,0
BRDA:416,28,1,0
BRDA:422,29,0,0
BRDA:422,29,1,0
BRDA:426,30,0,0
BRDA:426,30,1,0
BRDA:430,31,0,0
BRDA:430,31,1,0
BRDA:434,32,0,0
BRDA:434,32,1,0
BRDA:447,33,0,0
BRDA:447,33,1,0
BRDA:470,34,0,0
BRDA:470,34,1,0
BRDA:477,35,0,0
BRDA:477,35,1,0
BRDA:491,36,0,0
BRDA:491,36,1,0
BRDA:491,36,2,0
BRDA:491,36,3,0
BRDA:491,36,4,0
BRF:76
BRH:0
end_of_record
TN:
SF:src\services\database\sqlite.ts
FN:13,(anonymous_0)
FN:20,(anonymous_1)
FN:30,(anonymous_2)
FN:32,(anonymous_3)
FN:107,(anonymous_4)
FN:217,(anonymous_5)
FN:225,(anonymous_6)
FN:231,(anonymous_7)
FN:233,(anonymous_8)
FN:291,(anonymous_9)
FN:296,(anonymous_10)
FN:343,(anonymous_11)
FN:398,(anonymous_12)
FN:401,(anonymous_13)
FN:422,(anonymous_14)
FN:440,(anonymous_15)
FN:453,(anonymous_16)
FN:454,(anonymous_17)
FN:456,(anonymous_18)
FN:468,(anonymous_19)
FN:470,(anonymous_20)
FN:514,(anonymous_21)
FN:522,(anonymous_22)
FN:535,(anonymous_23)
FN:540,(anonymous_24)
FN:554,(anonymous_25)
FN:578,(anonymous_26)
FN:586,(anonymous_27)
FN:602,(anonymous_28)
FN:615,(anonymous_29)
FN:625,(anonymous_30)
FNF:31
FNH:0
FNDA:0,(anonymous_0)
FNDA:0,(anonymous_1)
FNDA:0,(anonymous_2)
FNDA:0,(anonymous_3)
FNDA:0,(anonymous_4)
FNDA:0,(anonymous_5)
FNDA:0,(anonymous_6)
FNDA:0,(anonymous_7)
FNDA:0,(anonymous_8)
FNDA:0,(anonymous_9)
FNDA:0,(anonymous_10)
FNDA:0,(anonymous_11)
FNDA:0,(anonymous_12)
FNDA:0,(anonymous_13)
FNDA:0,(anonymous_14)
FNDA:0,(anonymous_15)
FNDA:0,(anonymous_16)
FNDA:0,(anonymous_17)
FNDA:0,(anonymous_18)
FNDA:0,(anonymous_19)
FNDA:0,(anonymous_20)
FNDA:0,(anonymous_21)
FNDA:0,(anonymous_22)
FNDA:0,(anonymous_23)
FNDA:0,(anonymous_24)
FNDA:0,(anonymous_25)
FNDA:0,(anonymous_26)
FNDA:0,(anonymous_27)
FNDA:0,(anonymous_28)
FNDA:0,(anonymous_29)
FNDA:0,(anonymous_30)
DA:10,0
DA:11,0
DA:14,0
DA:15,0
DA:17,0
DA:21,0
DA:22,0
DA:24,0
DA:25,0
DA:27,0
DA:31,0
DA:32,0
DA:33,0
DA:35,0
DA:72,0
DA:78,0
DA:81,0
DA:82,0
DA:84,0
DA:85,0
DA:88,0
DA:89,0
DA:90,0
DA:91,0
DA:92,0
DA:93,0
DA:95,0
DA:101,0
DA:102,0
DA:108,0
DA:111,0
DA:148,0
DA:180,0
DA:194,0
DA:208,0
DA:218,0
DA:223,0
DA:227,0
DA:228,0
DA:232,0
DA:233,0
DA:234,0
DA:237,0
DA:276,0
DA:277,0
DA:280,0
DA:286,0
DA:287,0
DA:292,0
DA:293,0
DA:294,0
DA:296,0
DA:330,0
DA:332,0
DA:338,0
DA:339,0
DA:344,0
DA:345,0
DA:346,0
DA:348,0
DA:349,0
DA:352,0
DA:353,0
DA:387,0
DA:393,0
DA:394,0
DA:399,0
DA:400,0
DA:401,0
DA:402,0
DA:404,0
DA:409,0
DA:411,0
DA:417,0
DA:418,0
DA:423,0
DA:424,0
DA:425,0
DA:426,0
DA:428,0
DA:434,0
DA:435,0
DA:441,0
DA:443,0
DA:444,0
DA:453,0
DA:454,0
DA:456,0
DA:458,0
DA:469,0
DA:470,0
DA:471,0
DA:473,0
DA:499,0
DA:500,0
DA:503,0
DA:509,0
DA:510,0
DA:515,0
DA:516,0
DA:517,0
DA:522,0
DA:524,0
DA:530,0
DA:531,0
DA:536,0
DA:537,0
DA:538,0
DA:540,0
DA:542,0
DA:548,0
DA:549,0
DA:555,0
DA:556,0
DA:557,0
DA:573,0
DA:574,0
DA:579,0
DA:580,0
DA:581,0
DA:586,0
DA:597,0
DA:598,0
DA:603,0
DA:604,0
DA:605,0
DA:610,0
DA:611,0
DA:616,0
DA:617,0
DA:618,0
DA:620,0
DA:621,0
DA:626,0
DA:648,0
LF:135
LH:0
BRDA:14,0,0,0
BRDA:14,0,1,0
BRDA:21,1,0,0
BRDA:21,1,1,0
BRDA:24,2,0,0
BRDA:24,2,1,0
BRDA:99,3,0,0
BRDA:99,3,1,0
BRDA:108,4,0,0
BRDA:108,4,1,0
BRDA:253,5,0,0
BRDA:253,5,1,0
BRDA:254,6,0,0
BRDA:254,6,1,0
BRDA:256,7,0,0
BRDA:256,7,1,0
BRDA:257,8,0,0
BRDA:257,8,1,0
BRDA:258,9,0,0
BRDA:258,9,1,0
BRDA:259,10,0,0
BRDA:259,10,1,0
BRDA:260,11,0,0
BRDA:260,11,1,0
BRDA:261,12,0,0
BRDA:261,12,1,0
BRDA:262,13,0,0
BRDA:262,13,1,0
BRDA:264,14,0,0
BRDA:264,14,1,0
BRDA:265,15,0,0
BRDA:265,15,1,0
BRDA:266,16,0,0
BRDA:266,16,1,0
BRDA:267,17,0,0
BRDA:267,17,1,0
BRDA:267,18,0,0
BRDA:267,18,1,0
BRDA:284,19,0,0
BRDA:284,19,1,0
BRDA:305,20,0,0
BRDA:305,20,1,0
BRDA:306,21,0,0
BRDA:306,21,1,0
BRDA:309,22,0,0
BRDA:309,22,1,0
BRDA:310,23,0,0
BRDA:310,23,1,0
BRDA:311,24,0,0
BRDA:311,24,1,0
BRDA:312,25,0,0
BRDA:312,25,1,0
BRDA:313,26,0,0
BRDA:313,26,1,0
BRDA:314,27,0,0
BRDA:314,27,1,0
BRDA:315,28,0,0
BRDA:315,28,1,0
BRDA:318,29,0,0
BRDA:318,29,1,0
BRDA:319,30,0,0
BRDA:319,30,1,0
BRDA:320,31,0,0
BRDA:320,31,1,0
BRDA:321,32,0,0
BRDA:321,32,1,0
BRDA:321,33,0,0
BRDA:321,33,1,0
BRDA:336,34,0,0
BRDA:336,34,1,0
BRDA:348,35,0,0
BRDA:348,35,1,0
BRDA:362,36,0,0
BRDA:362,36,1,0
BRDA:363,37,0,0
BRDA:363,37,1,0
BRDA:366,38,0,0
BRDA:366,38,1,0
BRDA:367,39,0,0
BRDA:367,39,1,0
BRDA:368,40,0,0
BRDA:368,40,1,0
BRDA:369,41,0,0
BRDA:369,41,1,0
BRDA:370,42,0,0
BRDA:370,42,1,0
BRDA:371,43,0,0
BRDA:371,43,1,0
BRDA:372,44,0,0
BRDA:372,44,1,0
BRDA:375,45,0,0
BRDA:375,45,1,0
BRDA:376,46,0,0
BRDA:376,46,1,0
BRDA:377,47,0,0
BRDA:377,47,1,0
BRDA:378,48,0,0
BRDA:378,48,1,0
BRDA:378,49,0,0
BRDA:378,49,1,0
BRDA:391,50,0,0
BRDA:391,50,1,0
BRDA:415,51,0,0
BRDA:415,51,1,0
BRDA:432,52,0,0
BRDA:432,52,1,0
BRDA:443,53,0,0
BRDA:443,53,1,0
BRDA:488,54,0,0
BRDA:488,54,1,0
BRDA:489,55,0,0
BRDA:489,55,1,0
BRDA:490,56,0,0
BRDA:490,56,1,0
BRDA:491,57,0,0
BRDA:491,57,1,0
BRDA:507,58,0,0
BRDA:507,58,1,0
BRDA:528,59,0,0
BRDA:528,59,1,0
BRDA:546,60,0,0
BRDA:546,60,1,0
BRDA:569,61,0,0
BRDA:569,61,1,0
BRDA:594,62,0,0
BRDA:594,62,1,0
BRDA:607,63,0,0
BRDA:607,63,1,0
BRDA:635,64,0,0
BRDA:635,64,1,0
BRDA:636,65,0,0
BRDA:636,65,1,0
BRDA:637,66,0,0
BRDA:637,66,1,0
BRDA:638,67,0,0
BRDA:638,67,1,0
BRF:136
BRH:0
end_of_record
TN:
SF:src\services\encryption\encryptionService.ts
FN:47,(anonymous_0)
FN:78,(anonymous_1)
FN:106,(anonymous_2)
FN:114,(anonymous_3)
FN:123,(anonymous_4)
FN:132,(anonymous_5)
FN:166,(anonymous_6)
FN:175,(anonymous_7)
FN:176,(anonymous_8)
FN:177,(anonymous_9)
FN:178,(anonymous_10)
FN:193,(anonymous_11)
FN:220,(anonymous_12)
FN:238,(anonymous_13)
FN:250,(anonymous_14)
FN:266,(anonymous_15)
FN:282,(anonymous_16)
FN:296,(anonymous_17)
FN:327,(anonymous_18)
FN:345,(anonymous_19)
FN:367,encryptCiderRecord
FN:381,decryptCiderRecord
FN:394,(anonymous_22)
FNF:23
FNH:0
FNDA:0,(anonymous_0)
FNDA:0,(anonymous_1)
FNDA:0,(anonymous_2)
FNDA:0,(anonymous_3)
FNDA:0,(anonymous_4)
FNDA:0,(anonymous_5)
FNDA:0,(anonymous_6)
FNDA:0,(anonymous_7)
FNDA:0,(anonymous_8)
FNDA:0,(anonymous_9)
FNDA:0,(anonymous_10)
FNDA:0,(anonymous_11)
FNDA:0,(anonymous_12)
FNDA:0,(anonymous_13)
FNDA:0,(anonymous_14)
FNDA:0,(anonymous_15)
FNDA:0,(anonymous_16)
FNDA:0,(anonymous_17)
FNDA:0,(anonymous_18)
FNDA:0,(anonymous_19)
FNDA:0,encryptCiderRecord
FNDA:0,decryptCiderRecord
FNDA:0,(anonymous_22)
DA:31,0
DA:32,0
DA:33,0
DA:34,0
DA:36,0
DA:41,0
DA:42,0
DA:48,0
DA:50,0
DA:51,0
DA:53,0
DA:54,0
DA:55,0
DA:56,0
DA:59,0
DA:64,0
DA:66,0
DA:67,0
DA:70,0
DA:71,0
DA:79,0
DA:81,0
DA:82,0
DA:84,0
DA:92,0
DA:93,0
DA:95,0
DA:96,0
DA:98,0
DA:99,0
DA:107,0
DA:108,0
DA:115,0
DA:116,0
DA:124,0
DA:126,0
DA:127,0
DA:130,0
DA:132,0
DA:135,0
DA:139,0
DA:141,0
DA:150,0
DA:151,0
DA:156,0
DA:158,0
DA:159,0
DA:167,0
DA:169,0
DA:170,0
DA:173,0
DA:175,0
DA:176,0
DA:177,0
DA:178,0
DA:180,0
DA:182,0
DA:184,0
DA:185,0
DA:201,0
DA:205,0
DA:206,0
DA:207,0
DA:211,0
DA:213,0
DA:227,0
DA:228,0
DA:229,0
DA:232,0
DA:239,0
DA:251,0
DA:252,0
DA:255,0
DA:256,0
DA:258,0
DA:259,0
DA:267,0
DA:268,0
DA:271,0
DA:272,0
DA:274,0
DA:275,0
DA:283,0
DA:290,0
DA:297,0
DA:300,0
DA:301,0
DA:303,0
DA:305,0
DA:307,0
DA:317,0
DA:318,0
DA:319,0
DA:320,0
DA:328,0
DA:329,0
DA:330,0
DA:332,0
DA:333,0
DA:335,0
DA:337,0
DA:338,0
DA:350,0
DA:352,0
DA:368,0
DA:371,0
DA:372,0
DA:375,0
DA:382,0
DA:385,0
DA:386,0
DA:389,0
DA:393,0
DA:394,0
DA:395,0
LF:115
LH:0
BRDA:53,0,0,0
BRDA:53,0,1,0
BRDA:53,1,0,0
BRDA:53,1,1,0
BRDA:115,2,0,0
BRDA:115,2,1,0
BRDA:115,3,0,0
BRDA:115,3,1,0
BRDA:126,4,0,0
BRDA:126,4,1,0
BRDA:126,5,0,0
BRDA:126,5,1,0
BRDA:169,6,0,0
BRDA:169,6,1,0
BRDA:169,7,0,0
BRDA:169,7,1,0
BRDA:239,8,0,0
BRDA:239,8,1,0
BRDA:239,8,2,0
BRDA:239,8,3,0
BRDA:239,8,4,0
BRDA:239,8,5,0
BRDA:251,9,0,0
BRDA:251,9,1,0
BRDA:251,10,0,0
BRDA:251,10,1,0
BRDA:251,10,2,0
BRDA:267,11,0,0
BRDA:267,11,1,0
BRDA:267,12,0,0
BRDA:267,12,1,0
BRDA:371,13,0,0
BRDA:371,13,1,0
BRDA:385,14,0,0
BRDA:385,14,1,0
BRDA:393,15,0,0
BRDA:393,15,1,0
BRDA:393,16,0,0
BRDA:393,16,1,0
BRF:39
BRH:0
end_of_record
TN:
SF:src\services\error\ErrorBoundary.tsx
FN:46,(anonymous_0)
FN:57,(anonymous_1)
FN:65,(anonymous_2)
FN:83,(anonymous_3)
FN:91,(anonymous_4)
FN:100,(anonymous_5)
FN:102,(anonymous_6)
FN:105,(anonymous_7)
FN:136,(anonymous_8)
FN:146,(anonymous_9)
FN:155,(anonymous_10)
FN:156,(anonymous_11)
FN:169,(anonymous_12)
FN:177,(anonymous_13)
FN:182,(anonymous_14)
FN:184,(anonymous_15)
FN:196,(anonymous_16)
FN:200,(anonymous_17)
FN:222,(anonymous_18)
FN:235,(anonymous_19)
FN:299,(anonymous_20)
FN:310,withErrorBoundary
FN:314,(anonymous_22)
FNF:23
FNH:0
FNDA:0,(anonymous_0)
FNDA:0,(anonymous_1)
FNDA:0,(anonymous_2)
FNDA:0,(anonymous_3)
FNDA:0,(anonymous_4)
FNDA:0,(anonymous_5)
FNDA:0,(anonymous_6)
FNDA:0,(anonymous_7)
FNDA:0,(anonymous_8)
FNDA:0,(anonymous_9)
FNDA:0,(anonymous_10)
FNDA:0,(anonymous_11)
FNDA:0,(anonymous_12)
FNDA:0,(anonymous_13)
FNDA:0,(anonymous_14)
FNDA:0,(anonymous_15)
FNDA:0,(anonymous_16)
FNDA:0,(anonymous_17)
FNDA:0,(anonymous_18)
FNDA:0,(anonymous_19)
FNDA:0,(anonymous_20)
FNDA:0,withErrorBoundary
FNDA:0,(anonymous_22)
DA:42,0
DA:43,0
DA:44,0
DA:47,0
DA:48,0
DA:58,0
DA:66,0
DA:69,0
DA:72,0
DA:73,0
DA:77,0
DA:80,0
DA:84,0
DA:85,0
DA:88,0
DA:89,0
DA:90,0
DA:91,0
DA:93,0
DA:94,0
DA:102,0
DA:106,0
DA:107,0
DA:124,0
DA:125,0
DA:128,0
DA:129,0
DA:132,0
DA:137,0
DA:138,0
DA:139,0
DA:141,0
DA:142,0
DA:147,0
DA:150,0
DA:152,0
DA:153,0
DA:155,0
DA:156,0
DA:165,0
DA:170,0
DA:177,0
DA:178,0
DA:182,0
DA:184,0
DA:185,0
DA:187,0
DA:196,0
DA:197,0
DA:200,0
DA:201,0
DA:203,0
DA:205,0
DA:207,0
DA:215,0
DA:224,0
DA:230,0
DA:231,0
DA:236,0
DA:238,0
DA:300,0
DA:302,0
DA:305,0
DA:314,0
DA:315,0
DA:320,0
DA:322,0
DA:325,0
LF:68
LH:0
BRDA:72,0,0,0
BRDA:72,0,1,0
BRDA:88,1,0,0
BRDA:88,1,1,0
BRDA:88,2,0,0
BRDA:88,2,1,0
BRDA:89,3,0,0
BRDA:89,3,1,0
BRDA:93,4,0,0
BRDA:93,4,1,0
BRDA:108,5,0,0
BRDA:108,5,1,0
BRDA:139,6,0,0
BRDA:139,6,1,0
BRDA:152,7,0,0
BRDA:152,7,1,0
BRDA:152,8,0,0
BRDA:152,8,1,0
BRDA:178,9,0,0
BRDA:178,9,1,0
BRDA:203,10,0,0
BRDA:203,10,1,0
BRDA:203,11,0,0
BRDA:203,11,1,0
BRDA:252,12,0,0
BRDA:252,12,1,0
BRDA:276,13,0,0
BRDA:276,13,1,0
BRDA:276,13,2,0
BRDA:282,14,0,0
BRDA:282,14,1,0
BRDA:287,15,0,0
BRDA:287,15,1,0
BRDA:300,16,0,0
BRDA:300,16,1,0
BRDA:302,17,0,0
BRDA:302,17,1,0
BRDA:320,18,0,0
BRDA:320,18,1,0
BRF:39
BRH:0
end_of_record
TN:
SF:src\services\firebase\PerformanceService.ts
FN:46,(anonymous_0)
FN:53,(anonymous_1)
FN:59,(anonymous_2)
FN:88,(anonymous_3)
FN:117,(anonymous_4)
FN:133,(anonymous_5)
FN:150,(anonymous_6)
FN:169,(anonymous_7)
FN:174,(anonymous_8)
FN:224,(anonymous_9)
FN:231,(anonymous_10)
FN:238,(anonymous_11)
FN:243,(anonymous_12)
FN:244,(anonymous_13)
FN:255,(anonymous_14)
FN:261,(anonymous_15)
FN:262,(anonymous_16)
FN:271,(anonymous_17)
FN:299,(anonymous_18)
FN:309,(anonymous_19)
FN:321,(anonymous_20)
FN:329,(anonymous_21)
FN:333,(anonymous_22)
FN:339,(anonymous_23)
FN:351,(anonymous_24)
FN:356,(anonymous_25)
FN:364,(anonymous_26)
FN:369,(anonymous_27)
FNF:28
FNH:0
FNDA:0,(anonymous_0)
FNDA:0,(anonymous_1)
FNDA:0,(anonymous_2)
FNDA:0,(anonymous_3)
FNDA:0,(anonymous_4)
FNDA:0,(anonymous_5)
FNDA:0,(anonymous_6)
FNDA:0,(anonymous_7)
FNDA:0,(anonymous_8)
FNDA:0,(anonymous_9)
FNDA:0,(anonymous_10)
FNDA:0,(anonymous_11)
FNDA:0,(anonymous_12)
FNDA:0,(anonymous_13)
FNDA:0,(anonymous_14)
FNDA:0,(anonymous_15)
FNDA:0,(anonymous_16)
FNDA:0,(anonymous_17)
FNDA:0,(anonymous_18)
FNDA:0,(anonymous_19)
FNDA:0,(anonymous_20)
FNDA:0,(anonymous_21)
FNDA:0,(anonymous_22)
FNDA:0,(anonymous_23)
FNDA:0,(anonymous_24)
FNDA:0,(anonymous_25)
FNDA:0,(anonymous_26)
FNDA:0,(anonymous_27)
DA:26,0
DA:36,0
DA:43,0
DA:44,0
DA:47,0
DA:48,0
DA:50,0
DA:54,0
DA:55,0
DA:60,0
DA:61,0
DA:64,0
DA:65,0
DA:69,0
DA:70,0
DA:71,0
DA:73,0
DA:74,0
DA:75,0
DA:78,0
DA:79,0
DA:81,0
DA:83,0
DA:89,0
DA:90,0
DA:93,0
DA:94,0
DA:98,0
DA:99,0
DA:100,0
DA:102,0
DA:103,0
DA:104,0
DA:107,0
DA:108,0
DA:110,0
DA:112,0
DA:118,0
DA:119,0
DA:122,0
DA:123,0
DA:124,0
DA:127,0
DA:129,0
DA:134,0
DA:135,0
DA:138,0
DA:139,0
DA:140,0
DA:143,0
DA:145,0
DA:151,0
DA:152,0
DA:155,0
DA:156,0
DA:158,0
DA:159,0
DA:162,0
DA:164,0
DA:170,0
DA:196,0
DA:197,0
DA:199,0
DA:225,0
DA:226,0
DA:227,0
DA:232,0
DA:233,0
DA:234,0
DA:239,0
DA:240,0
DA:243,0
DA:244,0
DA:245,0
DA:247,0
DA:256,0
DA:258,0
DA:259,0
DA:261,0
DA:262,0
DA:264,0
DA:266,0
DA:267,0
DA:268,0
DA:272,0
DA:273,0
DA:281,0
DA:283,0
DA:284,0
DA:287,0
DA:288,0
DA:291,0
DA:295,0
DA:300,0
DA:301,0
DA:302,0
DA:304,0
DA:305,0
DA:310,0
DA:311,0
DA:312,0
DA:313,0
DA:314,0
DA:317,0
DA:322,0
DA:323,0
DA:325,0
DA:331,0
DA:333,0
DA:334,0
DA:335,0
DA:336,0
DA:339,0
DA:340,0
DA:341,0
DA:342,0
DA:347,0
DA:348,0
DA:349,0
DA:351,0
DA:352,0
DA:353,0
DA:356,0
DA:357,0
DA:358,0
DA:365,0
DA:374,0
DA:375,0
DA:377,0
DA:388,0
LF:130
LH:0
BRDA:47,0,0,0
BRDA:47,0,1,0
BRDA:64,1,0,0
BRDA:64,1,1,0
BRDA:73,2,0,0
BRDA:73,2,1,0
BRDA:93,3,0,0
BRDA:93,3,1,0
BRDA:102,4,0,0
BRDA:102,4,1,0
BRDA:117,5,0,0
BRDA:123,6,0,0
BRDA:123,6,1,0
BRDA:133,7,0,0
BRDA:139,8,0,0
BRDA:139,8,1,0
BRDA:158,9,0,0
BRDA:158,9,1,0
BRDA:239,10,0,0
BRDA:239,10,1,0
BRDA:256,11,0,0
BRDA:256,11,1,0
BRDA:266,12,0,0
BRDA:266,12,1,0
BRDA:267,13,0,0
BRDA:267,13,1,0
BRDA:302,14,0,0
BRDA:302,14,1,0
BRDA:312,15,0,0
BRDA:312,15,1,0
BRDA:378,16,0,0
BRDA:378,16,1,0
BRDA:379,17,0,0
BRDA:379,17,1,0
BRDA:381,18,0,0
BRDA:381,18,1,0
BRF:36
BRH:0
end_of_record
TN:
SF:src\services\firebase\config.ts
FN:28,(anonymous_0)
FN:40,(anonymous_1)
FN:45,(anonymous_2)
FN:50,(anonymous_3)
FN:55,(anonymous_4)
FN:61,(anonymous_5)
FNF:6
FNH:0
FNDA:0,(anonymous_0)
FNDA:0,(anonymous_1)
FNDA:0,(anonymous_2)
FNDA:0,(anonymous_3)
FNDA:0,(anonymous_4)
FNDA:0,(anonymous_5)
DA:15,0
DA:26,0
DA:29,0
DA:32,0
DA:33,0
DA:35,0
DA:36,0
DA:41,0
DA:46,0
DA:47,0
DA:51,0
DA:52,0
DA:56,0
DA:57,0
DA:62,0
DA:63,0
DA:68,0
LF:17
LH:0
BRDA:16,0,0,0
BRDA:16,0,1,0
BRDA:17,1,0,0
BRDA:17,1,1,0
BRDA:18,2,0,0
BRDA:18,2,1,0
BRDA:19,3,0,0
BRDA:19,3,1,0
BRDA:20,4,0,0
BRDA:20,4,1,0
BRDA:21,5,0,0
BRDA:21,5,1,0
BRF:12
BRH:0
end_of_record
TN:
SF:src\services\location\LocationService.ts
FN:24,(anonymous_0)
FN:31,(anonymous_1)
FN:55,(anonymous_2)
FN:95,(anonymous_3)
FN:108,(anonymous_4)
FN:127,(anonymous_5)
FN:135,(anonymous_6)
FN:140,(anonymous_7)
FN:221,(anonymous_8)
FN:230,(anonymous_9)
FN:246,(anonymous_10)
FN:273,(anonymous_11)
FN:290,(anonymous_12)
FN:300,(anonymous_13)
FN:340,(anonymous_14)
FNF:15
FNH:0
FNDA:0,(anonymous_0)
FNDA:0,(anonymous_1)
FNDA:0,(anonymous_2)
FNDA:0,(anonymous_3)
FNDA:0,(anonymous_4)
FNDA:0,(anonymous_5)
FNDA:0,(anonymous_6)
FNDA:0,(anonymous_7)
FNDA:0,(anonymous_8)
FNDA:0,(anonymous_9)
FNDA:0,(anonymous_10)
FNDA:0,(anonymous_11)
FNDA:0,(anonymous_12)
FNDA:0,(anonymous_13)
FNDA:0,(anonymous_14)
DA:21,0
DA:22,0
DA:25,0
DA:26,0
DA:28,0
DA:32,0
DA:33,0
DA:35,0
DA:36,0
DA:41,0
DA:47,0
DA:48,0
DA:56,0
DA:57,0
DA:58,0
DA:59,0
DA:65,0
DA:71,0
DA:79,0
DA:80,0
DA:82,0
DA:87,0
DA:88,0
DA:96,0
DA:97,0
DA:98,0
DA:99,0
DA:102,0
DA:109,0
DA:116,0
DA:120,0
DA:122,0
DA:123,0
DA:128,0
DA:129,0
DA:130,0
DA:131,0
DA:136,0
DA:144,0
DA:220,0
DA:222,0
DA:223,0
DA:224,0
DA:231,0
DA:232,0
DA:233,0
DA:234,0
DA:235,0
DA:237,0
DA:240,0
DA:242,0
DA:247,0
DA:248,0
DA:253,0
DA:254,0
DA:255,0
DA:262,0
DA:265,0
DA:267,0
DA:268,0
DA:274,0
DA:276,0
DA:277,0
DA:280,0
DA:281,0
DA:288,0
DA:290,0
DA:293,0
DA:301,0
DA:304,0
DA:307,0
DA:311,0
DA:313,0
DA:317,0
DA:321,0
DA:325,0
DA:327,0
DA:331,0
DA:332,0
DA:336,0
DA:341,0
DA:342,0
DA:343,0
DA:345,0
DA:346,0
DA:351,0
LF:86
LH:0
BRDA:25,0,0,0
BRDA:25,0,1,0
BRDA:35,1,0,0
BRDA:35,1,1,0
BRDA:58,2,0,0
BRDA:58,2,1,0
BRDA:74,3,0,0
BRDA:74,3,1,0
BRDA:75,4,0,0
BRDA:75,4,1,0
BRDA:90,5,0,0
BRDA:90,5,1,0
BRDA:98,6,0,0
BRDA:98,6,1,0
BRDA:112,7,0,0
BRDA:112,7,1,0
BRDA:113,8,0,0
BRDA:113,8,1,0
BRDA:128,9,0,0
BRDA:128,9,1,0
BRDA:140,10,0,0
BRDA:222,11,0,0
BRDA:222,11,1,0
BRDA:223,12,0,0
BRDA:223,12,1,0
BRDA:253,13,0,0
BRDA:253,13,1,0
BRDA:253,14,0,0
BRDA:253,14,1,0
BRDA:276,15,0,0
BRDA:276,15,1,0
BRDA:280,16,0,0
BRDA:280,16,1,0
BRDA:295,17,0,0
BRDA:295,17,1,0
BRDA:304,18,0,0
BRDA:304,18,1,0
BRDA:304,19,0,0
BRDA:304,19,1,0
BRDA:304,19,2,0
BRDA:304,19,3,0
BRDA:304,19,4,0
BRDA:304,19,5,0
BRDA:304,19,6,0
BRDA:304,19,7,0
BRDA:311,20,0,0
BRDA:311,20,1,0
BRDA:311,21,0,0
BRDA:311,21,1,0
BRDA:311,21,2,0
BRDA:311,21,3,0
BRDA:311,21,4,0
BRDA:311,21,5,0
BRDA:317,22,0,0
BRDA:317,22,1,0
BRDA:317,23,0,0
BRDA:317,23,1,0
BRDA:317,23,2,0
BRDA:317,23,3,0
BRDA:317,23,4,0
BRDA:317,23,5,0
BRDA:317,23,6,0
BRDA:317,23,7,0
BRDA:317,23,8,0
BRDA:317,23,9,0
BRDA:317,23,10,0
BRDA:325,24,0,0
BRDA:325,24,1,0
BRDA:325,25,0,0
BRDA:325,25,1,0
BRDA:325,25,2,0
BRDA:325,25,3,0
BRDA:325,25,4,0
BRDA:331,26,0,0
BRDA:331,26,1,0
BRDA:331,27,0,0
BRDA:331,27,1,0
BRDA:331,27,2,0
BRF:78
BRH:0
end_of_record
TN:
SF:src\services\sync\SyncManager.ts
FN:26,(anonymous_0)
FN:31,(anonymous_1)
FN:38,(anonymous_2)
FN:39,(anonymous_3)
FN:58,(anonymous_4)
FN:67,(anonymous_5)
FN:68,(anonymous_6)
FN:76,(anonymous_7)
FN:102,(anonymous_8)
FN:170,(anonymous_9)
FN:205,(anonymous_10)
FN:224,(anonymous_11)
FN:242,(anonymous_12)
FN:251,(anonymous_13)
FN:267,(anonymous_14)
FN:280,(anonymous_15)
FN:289,(anonymous_16)
FN:310,(anonymous_17)
FN:313,(anonymous_18)
FN:316,(anonymous_19)
FN:317,(anonymous_20)
FN:332,(anonymous_21)
FN:336,(anonymous_22)
FN:340,(anonymous_23)
FN:341,(anonymous_24)
FN:349,(anonymous_25)
FNF:26
FNH:0
FNDA:0,(anonymous_0)
FNDA:0,(anonymous_1)
FNDA:0,(anonymous_2)
FNDA:0,(anonymous_3)
FNDA:0,(anonymous_4)
FNDA:0,(anonymous_5)
FNDA:0,(anonymous_6)
FNDA:0,(anonymous_7)
FNDA:0,(anonymous_8)
FNDA:0,(anonymous_9)
FNDA:0,(anonymous_10)
FNDA:0,(anonymous_11)
FNDA:0,(anonymous_12)
FNDA:0,(anonymous_13)
FNDA:0,(anonymous_14)
FNDA:0,(anonymous_15)
FNDA:0,(anonymous_16)
FNDA:0,(anonymous_17)
FNDA:0,(anonymous_18)
FNDA:0,(anonymous_19)
FNDA:0,(anonymous_20)
FNDA:0,(anonymous_21)
FNDA:0,(anonymous_22)
FNDA:0,(anonymous_23)
FNDA:0,(anonymous_24)
FNDA:0,(anonymous_25)
DA:15,0
DA:16,0
DA:23,0
DA:24,0
DA:27,0
DA:28,0
DA:32,0
DA:33,0
DA:35,0
DA:39,0
DA:40,0
DA:42,0
DA:48,0
DA:51,0
DA:52,0
DA:53,0
DA:58,0
DA:59,0
DA:68,0
DA:69,0
DA:70,0
DA:71,0
DA:77,0
DA:78,0
DA:89,0
DA:90,0
DA:93,0
DA:94,0
DA:97,0
DA:98,0
DA:103,0
DA:104,0
DA:105,0
DA:108,0
DA:109,0
DA:110,0
DA:112,0
DA:113,0
DA:114,0
DA:116,0
DA:117,0
DA:118,0
DA:121,0
DA:123,0
DA:124,0
DA:125,0
DA:126,0
DA:127,0
DA:129,0
DA:131,0
DA:133,0
DA:135,0
DA:136,0
DA:141,0
DA:144,0
DA:153,0
DA:154,0
DA:155,0
DA:160,0
DA:161,0
DA:164,0
DA:166,0
DA:171,0
DA:173,0
DA:174,0
DA:177,0
DA:178,0
DA:181,0
DA:182,0
DA:185,0
DA:186,0
DA:189,0
DA:190,0
DA:193,0
DA:194,0
DA:197,0
DA:198,0
DA:201,0
DA:206,0
DA:207,0
DA:214,0
DA:219,0
DA:220,0
DA:225,0
DA:226,0
DA:232,0
DA:237,0
DA:238,0
DA:243,0
DA:244,0
DA:246,0
DA:247,0
DA:252,0
DA:253,0
DA:260,0
DA:262,0
DA:263,0
DA:268,0
DA:269,0
DA:275,0
DA:276,0
DA:281,0
DA:282,0
DA:284,0
DA:285,0
DA:290,0
DA:291,0
DA:292,0
DA:293,0
DA:296,0
DA:302,0
DA:304,0
DA:305,0
DA:311,0
DA:312,0
DA:313,0
DA:315,0
DA:316,0
DA:317,0
DA:322,0
DA:323,0
DA:333,0
DA:337,0
DA:341,0
DA:342,0
DA:343,0
DA:344,0
DA:350,0
DA:351,0
DA:356,0
LF:130
LH:0
BRDA:32,0,0,0
BRDA:32,0,1,0
BRDA:43,1,0,0
BRDA:43,1,1,0
BRDA:51,2,0,0
BRDA:51,2,1,0
BRDA:51,3,0,0
BRDA:51,3,1,0
BRDA:51,3,2,0
BRDA:60,4,0,0
BRDA:60,4,1,0
BRDA:69,5,0,0
BRDA:69,5,1,0
BRDA:69,6,0,0
BRDA:69,6,1,0
BRDA:69,6,2,0
BRDA:93,7,0,0
BRDA:93,7,1,0
BRDA:93,8,0,0
BRDA:93,8,1,0
BRDA:103,9,0,0
BRDA:103,9,1,0
BRDA:103,10,0,0
BRDA:103,10,1,0
BRDA:116,11,0,0
BRDA:116,11,1,0
BRDA:135,12,0,0
BRDA:135,12,1,0
BRDA:139,13,0,0
BRDA:139,13,1,0
BRDA:147,14,0,0
BRDA:147,14,1,0
BRDA:153,15,0,0
BRDA:153,15,1,0
BRDA:171,16,0,0
BRDA:171,16,1,0
BRDA:171,16,2,0
BRDA:171,16,3,0
BRDA:171,16,4,0
BRDA:171,16,5,0
BRDA:171,16,6,0
BRDA:171,16,7,0
BRDA:319,17,0,0
BRDA:319,17,1,0
BRDA:343,18,0,0
BRDA:343,18,1,0
BRF:46
BRH:0
end_of_record
TN:
SF:src\store\ciderStore.ts
FN:111,(anonymous_0)
FN:118,(anonymous_1)
FN:139,(anonymous_2)
FN:143,(anonymous_3)
FN:147,(anonymous_4)
FN:172,(anonymous_5)
FN:176,(anonymous_6)
FN:193,(anonymous_7)
FN:194,(anonymous_8)
FN:197,(anonymous_9)
FN:201,(anonymous_10)
FN:224,(anonymous_11)
FN:232,(anonymous_12)
FN:233,(anonymous_13)
FN:236,(anonymous_14)
FN:240,(anonymous_15)
FN:263,(anonymous_16)
FN:264,(anonymous_17)
FN:271,(anonymous_18)
FN:276,(anonymous_19)
FN:290,(anonymous_20)
FN:296,(anonymous_21)
FN:304,(anonymous_22)
FN:311,(anonymous_23)
FN:312,(anonymous_24)
FN:327,(anonymous_25)
FN:339,(anonymous_26)
FN:343,(anonymous_27)
FN:364,(anonymous_28)
FN:369,(anonymous_29)
FN:379,(anonymous_30)
FN:380,(anonymous_31)
FN:384,(anonymous_32)
FN:389,(anonymous_33)
FN:395,(anonymous_34)
FN:404,(anonymous_35)
FN:405,(anonymous_36)
FN:415,(anonymous_37)
FN:416,(anonymous_38)
FN:418,(anonymous_39)
FN:438,(anonymous_40)
FN:447,(anonymous_41)
FN:451,(anonymous_42)
FN:459,(anonymous_43)
FN:463,(anonymous_44)
FN:502,(anonymous_45)
FN:516,(anonymous_46)
FN:517,(anonymous_47)
FN:522,(anonymous_48)
FN:523,(anonymous_49)
FN:526,(anonymous_50)
FN:527,(anonymous_51)
FN:530,(anonymous_52)
FN:531,(anonymous_53)
FN:538,(anonymous_54)
FN:543,(anonymous_55)
FN:548,(anonymous_56)
FN:557,(anonymous_57)
FN:563,(anonymous_58)
FN:570,(anonymous_59)
FN:574,(anonymous_60)
FN:583,(anonymous_61)
FN:587,(anonymous_62)
FN:590,(anonymous_63)
FN:594,(anonymous_64)
FN:599,(anonymous_65)
FN:602,(anonymous_66)
FN:604,(anonymous_67)
FN:614,(anonymous_68)
FN:616,(anonymous_69)
FN:625,(anonymous_70)
FN:625,(anonymous_71)
FN:626,(anonymous_72)
FN:626,(anonymous_73)
FN:627,(anonymous_74)
FN:627,(anonymous_75)
FN:628,(anonymous_76)
FN:628,(anonymous_77)
FN:629,(anonymous_78)
FN:629,(anonymous_79)
FNF:80
FNH:0
FNDA:0,(anonymous_0)
FNDA:0,(anonymous_1)
FNDA:0,(anonymous_2)
FNDA:0,(anonymous_3)
FNDA:0,(anonymous_4)
FNDA:0,(anonymous_5)
FNDA:0,(anonymous_6)
FNDA:0,(anonymous_7)
FNDA:0,(anonymous_8)
FNDA:0,(anonymous_9)
FNDA:0,(anonymous_10)
FNDA:0,(anonymous_11)
FNDA:0,(anonymous_12)
FNDA:0,(anonymous_13)
FNDA:0,(anonymous_14)
FNDA:0,(anonymous_15)
FNDA:0,(anonymous_16)
FNDA:0,(anonymous_17)
FNDA:0,(anonymous_18)
FNDA:0,(anonymous_19)
FNDA:0,(anonymous_20)
FNDA:0,(anonymous_21)
FNDA:0,(anonymous_22)
FNDA:0,(anonymous_23)
FNDA:0,(anonymous_24)
FNDA:0,(anonymous_25)
FNDA:0,(anonymous_26)
FNDA:0,(anonymous_27)
FNDA:0,(anonymous_28)
FNDA:0,(anonymous_29)
FNDA:0,(anonymous_30)
FNDA:0,(anonymous_31)
FNDA:0,(anonymous_32)
FNDA:0,(anonymous_33)
FNDA:0,(anonymous_34)
FNDA:0,(anonymous_35)
FNDA:0,(anonymous_36)
FNDA:0,(anonymous_37)
FNDA:0,(anonymous_38)
FNDA:0,(anonymous_39)
FNDA:0,(anonymous_40)
FNDA:0,(anonymous_41)
FNDA:0,(anonymous_42)
FNDA:0,(anonymous_43)
FNDA:0,(anonymous_44)
FNDA:0,(anonymous_45)
FNDA:0,(anonymous_46)
FNDA:0,(anonymous_47)
FNDA:0,(anonymous_48)
FNDA:0,(anonymous_49)
FNDA:0,(anonymous_50)
FNDA:0,(anonymous_51)
FNDA:0,(anonymous_52)
FNDA:0,(anonymous_53)
FNDA:0,(anonymous_54)
FNDA:0,(anonymous_55)
FNDA:0,(anonymous_56)
FNDA:0,(anonymous_57)
FNDA:0,(anonymous_58)
FNDA:0,(anonymous_59)
FNDA:0,(anonymous_60)
FNDA:0,(anonymous_61)
FNDA:0,(anonymous_62)
FNDA:0,(anonymous_63)
FNDA:0,(anonymous_64)
FNDA:0,(anonymous_65)
FNDA:0,(anonymous_66)
FNDA:0,(anonymous_67)
FNDA:0,(anonymous_68)
FNDA:0,(anonymous_69)
FNDA:0,(anonymous_70)
FNDA:0,(anonymous_71)
FNDA:0,(anonymous_72)
FNDA:0,(anonymous_73)
FNDA:0,(anonymous_74)
FNDA:0,(anonymous_75)
FNDA:0,(anonymous_76)
FNDA:0,(anonymous_77)
FNDA:0,(anonymous_78)
FNDA:0,(anonymous_79)
DA:94,0
DA:110,0
DA:111,0
DA:119,0
DA:121,0
DA:123,0
DA:125,0
DA:136,0
DA:139,0
DA:140,0
DA:142,0
DA:144,0
DA:148,0
DA:153,0
DA:162,0
DA:164,0
DA:166,0
DA:167,0
DA:168,0
DA:173,0
DA:175,0
DA:176,0
DA:177,0
DA:178,0
DA:181,0
DA:193,0
DA:194,0
DA:196,0
DA:198,0
DA:202,0
DA:207,0
DA:216,0
DA:218,0
DA:219,0
DA:220,0
DA:225,0
DA:227,0
DA:229,0
DA:232,0
DA:233,0
DA:235,0
DA:237,0
DA:241,0
DA:246,0
DA:255,0
DA:257,0
DA:258,0
DA:259,0
DA:264,0
DA:272,0
DA:274,0
DA:275,0
DA:276,0
DA:290,0
DA:296,0
DA:298,0
DA:299,0
DA:300,0
DA:305,0
DA:307,0
DA:311,0
DA:312,0
DA:317,0
DA:318,0
DA:319,0
DA:328,0
DA:330,0
DA:332,0
DA:333,0
DA:335,0
DA:338,0
DA:340,0
DA:344,0
DA:349,0
DA:357,0
DA:359,0
DA:360,0
DA:366,0
DA:370,0
DA:372,0
DA:373,0
DA:374,0
DA:378,0
DA:379,0
DA:380,0
DA:381,0
DA:382,0
DA:384,0
DA:385,0
DA:386,0
DA:389,0
DA:390,0
DA:391,0
DA:395,0
DA:396,0
DA:397,0
DA:400,0
DA:401,0
DA:402,0
DA:404,0
DA:405,0
DA:407,0
DA:415,0
DA:416,0
DA:418,0
DA:431,0
DA:439,0
DA:441,0
DA:442,0
DA:443,0
DA:444,0
DA:447,0
DA:448,0
DA:452,0
DA:456,0
DA:460,0
DA:462,0
DA:463,0
DA:467,0
DA:469,0
DA:470,0
DA:471,0
DA:473,0
DA:474,0
DA:475,0
DA:477,0
DA:478,0
DA:479,0
DA:481,0
DA:482,0
DA:483,0
DA:485,0
DA:486,0
DA:487,0
DA:489,0
DA:492,0
DA:493,0
DA:495,0
DA:499,0
DA:503,0
DA:504,0
DA:517,0
DA:518,0
DA:523,0
DA:527,0
DA:531,0
DA:539,0
DA:540,0
DA:544,0
DA:545,0
DA:549,0
DA:550,0
DA:558,0
DA:563,0
DA:567,0
DA:571,0
DA:575,0
DA:576,0
DA:584,0
DA:588,0
DA:589,0
DA:590,0
DA:595,0
DA:596,0
DA:597,0
DA:599,0
DA:603,0
DA:604,0
DA:605,0
DA:606,0
DA:614,0
DA:616,0
DA:625,0
DA:626,0
DA:627,0
DA:628,0
DA:629,0
LF:177
LH:0
BRDA:142,0,0,0
BRDA:142,0,1,0
BRDA:144,1,0,0
BRDA:144,1,1,0
BRDA:144,1,2,0
BRDA:144,1,3,0
BRDA:144,1,4,0
BRDA:144,1,5,0
BRDA:166,2,0,0
BRDA:166,2,1,0
BRDA:177,3,0,0
BRDA:177,3,1,0
BRDA:194,4,0,0
BRDA:194,4,1,0
BRDA:196,5,0,0
BRDA:196,5,1,0
BRDA:198,6,0,0
BRDA:198,6,1,0
BRDA:198,6,2,0
BRDA:198,6,3,0
BRDA:198,6,4,0
BRDA:198,6,5,0
BRDA:218,7,0,0
BRDA:218,7,1,0
BRDA:235,8,0,0
BRDA:235,8,1,0
BRDA:237,9,0,0
BRDA:237,9,1,0
BRDA:237,9,2,0
BRDA:237,9,3,0
BRDA:237,9,4,0
BRDA:237,9,5,0
BRDA:257,10,0,0
BRDA:257,10,1,0
BRDA:264,11,0,0
BRDA:264,11,1,0
BRDA:298,12,0,0
BRDA:298,12,1,0
BRDA:317,13,0,0
BRDA:317,13,1,0
BRDA:338,14,0,0
BRDA:338,14,1,0
BRDA:340,15,0,0
BRDA:340,15,1,0
BRDA:340,15,2,0
BRDA:340,15,3,0
BRDA:340,15,4,0
BRDA:340,15,5,0
BRDA:359,16,0,0
BRDA:359,16,1,0
BRDA:372,17,0,0
BRDA:372,17,1,0
BRDA:390,18,0,0
BRDA:390,18,1,0
BRDA:418,19,0,0
BRDA:418,19,1,0
BRDA:442,20,0,0
BRDA:442,20,1,0
BRDA:448,21,0,0
BRDA:448,21,1,0
BRDA:448,21,2,0
BRDA:448,21,3,0
BRDA:448,21,4,0
BRDA:448,21,5,0
BRDA:459,22,0,0
BRDA:467,23,0,0
BRDA:467,23,1,0
BRDA:467,23,2,0
BRDA:467,23,3,0
BRDA:467,23,4,0
BRDA:467,23,5,0
BRDA:492,24,0,0
BRDA:492,24,1,0
BRDA:493,25,0,0
BRDA:493,25,1,0
BRDA:493,26,0,0
BRDA:493,26,1,0
BRDA:495,27,0,0
BRDA:495,27,1,0
BRDA:495,28,0,0
BRDA:495,28,1,0
BRDA:527,29,0,0
BRDA:527,29,1,0
BRDA:531,30,0,0
BRDA:531,30,1,0
BRDA:587,31,0,0
BRDA:594,32,0,0
BRDA:605,33,0,0
BRDA:605,33,1,0
BRF:89
BRH:0
end_of_record
TN:
SF:src\types\cider.ts
FNF:0
FNH:0
DA:134,0
DA:301,0
LF:2
LH:0
BRF:0
BRH:0
end_of_record
TN:
SF:src\types\experience.ts
FNF:0
FNH:0
DA:104,1
DA:117,1
LF:2
LH:2
BRF:0
BRH:0
end_of_record
TN:
SF:src\types\navigation.ts
FNF:0
FNH:0
LF:0
LH:0
BRF:0
BRH:0
end_of_record
TN:
SF:src\types\sync.ts
FNF:0
FNH:0
LF:0
LH:0
BRF:0
BRH:0
end_of_record
TN:
SF:src\utils\duplicateDetection.ts
FN:37,(anonymous_0)
FN:90,(anonymous_1)
FN:97,(anonymous_2)
FN:120,(anonymous_3)
FN:139,(anonymous_4)
FN:148,(anonymous_5)
FN:170,(anonymous_6)
FN:183,(anonymous_7)
FN:196,(anonymous_8)
FN:289,(anonymous_9)
FN:307,(anonymous_10)
FN:322,(anonymous_11)
FN:377,(anonymous_12)
FN:388,(anonymous_13)
FN:398,(anonymous_14)
FN:425,(anonymous_15)
FN:438,(anonymous_16)
FN:440,(anonymous_17)
FN:446,(anonymous_18)
FN:449,(anonymous_19)
FN:460,(anonymous_20)
FN:462,(anonymous_21)
FNF:22
FNH:0
FNDA:0,(anonymous_0)
FNDA:0,(anonymous_1)
FNDA:0,(anonymous_2)
FNDA:0,(anonymous_3)
FNDA:0,(anonymous_4)
FNDA:0,(anonymous_5)
FNDA:0,(anonymous_6)
FNDA:0,(anonymous_7)
FNDA:0,(anonymous_8)
FNDA:0,(anonymous_9)
FNDA:0,(anonymous_10)
FNDA:0,(anonymous_11)
FNDA:0,(anonymous_12)
FNDA:0,(anonymous_13)
FNDA:0,(anonymous_14)
FNDA:0,(anonymous_15)
FNDA:0,(anonymous_16)
FNDA:0,(anonymous_17)
FNDA:0,(anonymous_18)
FNDA:0,(anonymous_19)
FNDA:0,(anonymous_20)
FNDA:0,(anonymous_21)
DA:38,0
DA:40,0
DA:41,0
DA:43,0
DA:44,0
DA:46,0
DA:47,0
DA:49,0
DA:50,0
DA:51,0
DA:52,0
DA:54,0
DA:55,0
DA:56,0
DA:57,0
DA:58,0
DA:62,0
DA:65,0
DA:66,0
DA:67,0
DA:68,0
DA:69,0
DA:70,0
DA:71,0
DA:74,0
DA:78,0
DA:79,0
DA:80,0
DA:81,0
DA:84,0
DA:91,0
DA:92,0
DA:94,0
DA:95,0
DA:97,0
DA:99,0
DA:100,0
DA:102,0
DA:103,0
DA:104,0
DA:105,0
DA:113,0
DA:114,0
DA:121,0
DA:122,0
DA:124,0
DA:125,0
DA:128,0
DA:129,0
DA:131,0
DA:132,0
DA:135,0
DA:136,0
DA:139,0
DA:140,0
DA:142,0
DA:149,0
DA:150,0
DA:151,0
DA:154,0
DA:163,0
DA:164,0
DA:165,0
DA:171,0
DA:184,0
DA:197,0
DA:203,0
DA:204,0
DA:207,0
DA:208,0
DA:209,0
DA:210,0
DA:212,0
DA:213,0
DA:214,0
DA:216,0
DA:217,0
DA:218,0
DA:219,0
DA:220,0
DA:221,0
DA:222,0
DA:223,0
DA:228,0
DA:229,0
DA:230,0
DA:231,0
DA:233,0
DA:234,0
DA:235,0
DA:237,0
DA:238,0
DA:239,0
DA:240,0
DA:241,0
DA:242,0
DA:247,0
DA:248,0
DA:249,0
DA:251,0
DA:252,0
DA:253,0
DA:254,0
DA:255,0
DA:256,0
DA:257,0
DA:258,0
DA:259,0
DA:260,0
DA:261,0
DA:262,0
DA:265,0
DA:266,0
DA:267,0
DA:271,0
DA:272,0
DA:273,0
DA:274,0
DA:275,0
DA:276,0
DA:277,0
DA:281,0
DA:283,0
DA:293,0
DA:295,0
DA:296,0
DA:298,0
DA:299,0
DA:307,0
DA:316,0
DA:317,0
DA:331,0
DA:333,0
DA:340,0
DA:342,0
DA:343,0
DA:352,0
DA:353,0
DA:355,0
DA:356,0
DA:357,0
DA:359,0
DA:360,0
DA:361,0
DA:364,0
DA:365,0
DA:366,0
DA:371,0
DA:377,0
DA:393,0
DA:394,0
DA:398,0
DA:399,0
DA:403,0
DA:404,0
DA:412,0
DA:413,0
DA:415,0
DA:426,0
DA:428,0
DA:430,0
DA:431,0
DA:432,0
DA:433,0
DA:437,0
DA:438,0
DA:440,0
DA:447,0
DA:449,0
DA:450,0
DA:452,0
DA:453,0
DA:454,0
DA:455,0
DA:459,0
DA:460,0
DA:462,0
LF:177
LH:0
BRDA:38,0,0,0
BRDA:38,0,1,0
BRDA:44,1,0,0
BRDA:44,1,1,0
BRDA:44,2,0,0
BRDA:44,2,1,0
BRDA:55,3,0,0
BRDA:55,3,1,0
BRDA:55,4,0,0
BRDA:55,4,1,0
BRDA:62,5,0,0
BRDA:62,5,1,0
BRDA:68,6,0,0
BRDA:68,6,1,0
BRDA:70,7,0,0
BRDA:70,7,1,0
BRDA:80,8,0,0
BRDA:80,8,1,0
BRDA:94,9,0,0
BRDA:94,9,1,0
BRDA:94,10,0,0
BRDA:94,10,1,0
BRDA:95,11,0,0
BRDA:95,11,1,0
BRDA:104,12,0,0
BRDA:104,12,1,0
BRDA:120,13,0,0
BRDA:124,14,0,0
BRDA:124,14,1,0
BRDA:124,15,0,0
BRDA:124,15,1,0
BRDA:125,16,0,0
BRDA:125,16,1,0
BRDA:207,17,0,0
BRDA:207,17,1,0
BRDA:207,18,0,0
BRDA:207,18,1,0
BRDA:216,19,0,0
BRDA:216,19,1,0
BRDA:219,20,0,0
BRDA:219,20,1,0
BRDA:222,21,0,0
BRDA:222,21,1,0
BRDA:228,22,0,0
BRDA:228,22,1,0
BRDA:228,23,0,0
BRDA:228,23,1,0
BRDA:237,24,0,0
BRDA:237,24,1,0
BRDA:240,25,0,0
BRDA:240,25,1,0
BRDA:247,26,0,0
BRDA:247,26,1,0
BRDA:247,27,0,0
BRDA:247,27,1,0
BRDA:251,28,0,0
BRDA:251,28,1,0
BRDA:255,29,0,0
BRDA:255,29,1,0
BRDA:258,30,0,0
BRDA:258,30,1,0
BRDA:261,31,0,0
BRDA:261,31,1,0
BRDA:271,32,0,0
BRDA:271,32,1,0
BRDA:271,33,0,0
BRDA:271,33,1,0
BRDA:272,34,0,0
BRDA:272,34,1,0
BRDA:281,35,0,0
BRDA:281,35,1,0
BRDA:298,36,0,0
BRDA:298,36,1,0
BRDA:331,37,0,0
BRDA:331,37,1,0
BRDA:334,38,0,0
BRDA:334,38,1,0
BRDA:335,39,0,0
BRDA:335,39,1,0
BRDA:342,40,0,0
BRDA:342,40,1,0
BRDA:359,41,0,0
BRDA:359,41,1,0
BRDA:364,42,0,0
BRDA:364,42,1,0
BRDA:393,43,0,0
BRDA:393,43,1,0
BRDA:393,44,0,0
BRDA:393,44,1,0
BRDA:399,45,0,0
BRDA:399,45,1,0
BRDA:403,46,0,0
BRDA:403,46,1,0
BRDA:418,47,0,0
BRDA:418,47,1,0
BRDA:426,48,0,0
BRDA:426,48,1,0
BRDA:432,49,0,0
BRDA:432,49,1,0
BRDA:447,50,0,0
BRDA:447,50,1,0
BRDA:454,51,0,0
BRDA:454,51,1,0
BRF:103
BRH:0
end_of_record
TN:
SF:src\utils\enhancedValidation.ts
FN:35,(anonymous_0)
FN:100,(anonymous_1)
FN:172,(anonymous_2)
FN:205,(anonymous_3)
FN:218,(anonymous_4)
FN:265,(anonymous_5)
FN:293,(anonymous_6)
FN:321,(anonymous_7)
FN:344,(anonymous_8)
FN:392,(anonymous_9)
FN:412,(anonymous_10)
FN:458,(anonymous_11)
FN:464,(anonymous_12)
FN:470,(anonymous_13)
FN:498,(anonymous_14)
FN:544,(anonymous_15)
FN:559,(anonymous_16)
FN:572,(anonymous_17)
FN:603,(anonymous_18)
FN:625,(anonymous_19)
FN:642,(anonymous_20)
FN:702,(anonymous_21)
FN:734,(anonymous_22)
FN:741,(anonymous_23)
FN:748,(anonymous_24)
FN:756,(anonymous_25)
FN:809,(anonymous_26)
FN:823,(anonymous_27)
FN:831,(anonymous_28)
FN:838,(anonymous_29)
FN:851,createDebouncedValidator
FN:857,(anonymous_31)
FN:858,(anonymous_32)
FN:860,(anonymous_33)
FN:870,validateMultipleFields
FN:886,hasValidationErrors
FN:887,(anonymous_36)
FN:893,getAllValidationErrors
FN:895,(anonymous_38)
FN:896,(anonymous_39)
FN:902,getValidationSummary
FN:912,(anonymous_41)
FN:913,(anonymous_42)
FN:914,(anonymous_43)
FNF:44
FNH:0
FNDA:0,(anonymous_0)
FNDA:0,(anonymous_1)
FNDA:0,(anonymous_2)
FNDA:0,(anonymous_3)
FNDA:0,(anonymous_4)
FNDA:0,(anonymous_5)
FNDA:0,(anonymous_6)
FNDA:0,(anonymous_7)
FNDA:0,(anonymous_8)
FNDA:0,(anonymous_9)
FNDA:0,(anonymous_10)
FNDA:0,(anonymous_11)
FNDA:0,(anonymous_12)
FNDA:0,(anonymous_13)
FNDA:0,(anonymous_14)
FNDA:0,(anonymous_15)
FNDA:0,(anonymous_16)
FNDA:0,(anonymous_17)
FNDA:0,(anonymous_18)
FNDA:0,(anonymous_19)
FNDA:0,(anonymous_20)
FNDA:0,(anonymous_21)
FNDA:0,(anonymous_22)
FNDA:0,(anonymous_23)
FNDA:0,(anonymous_24)
FNDA:0,(anonymous_25)
FNDA:0,(anonymous_26)
FNDA:0,(anonymous_27)
FNDA:0,(anonymous_28)
FNDA:0,(anonymous_29)
FNDA:0,createDebouncedValidator
FNDA:0,(anonymous_31)
FNDA:0,(anonymous_32)
FNDA:0,(anonymous_33)
FNDA:0,validateMultipleFields
FNDA:0,hasValidationErrors
FNDA:0,(anonymous_36)
FNDA:0,getAllValidationErrors
FNDA:0,(anonymous_38)
FNDA:0,(anonymous_39)
FNDA:0,getValidationSummary
FNDA:0,(anonymous_41)
FNDA:0,(anonymous_42)
FNDA:0,(anonymous_43)
DA:41,0
DA:50,0
DA:51,0
DA:53,0
DA:54,0
DA:55,0
DA:59,0
DA:61,0
DA:63,0
DA:65,0
DA:67,0
DA:69,0
DA:71,0
DA:73,0
DA:75,0
DA:77,0
DA:79,0
DA:81,0
DA:83,0
DA:85,0
DA:87,0
DA:89,0
DA:91,0
DA:92,0
DA:93,0
DA:101,0
DA:103,0
DA:104,0
DA:105,0
DA:108,0
DA:110,0
DA:111,0
DA:112,0
DA:115,0
DA:116,0
DA:117,0
DA:120,0
DA:121,0
DA:122,0
DA:126,0
DA:127,0
DA:131,0
DA:132,0
DA:135,0
DA:136,0
DA:140,0
DA:141,0
DA:145,0
DA:146,0
DA:150,0
DA:151,0
DA:152,0
DA:153,0
DA:157,0
DA:158,0
DA:161,0
DA:162,0
DA:165,0
DA:166,0
DA:173,0
DA:175,0
DA:176,0
DA:177,0
DA:180,0
DA:182,0
DA:183,0
DA:184,0
DA:187,0
DA:188,0
DA:189,0
DA:192,0
DA:193,0
DA:194,0
DA:198,0
DA:199,0
DA:203,0
DA:204,0
DA:205,0
DA:207,0
DA:208,0
DA:211,0
DA:212,0
DA:219,0
DA:221,0
DA:222,0
DA:223,0
DA:226,0
DA:228,0
DA:229,0
DA:230,0
DA:233,0
DA:234,0
DA:235,0
DA:238,0
DA:239,0
DA:240,0
DA:244,0
DA:245,0
DA:246,0
DA:247,0
DA:248,0
DA:249,0
DA:252,0
DA:253,0
DA:254,0
DA:255,0
DA:258,0
DA:259,0
DA:266,0
DA:268,0
DA:269,0
DA:270,0
DA:273,0
DA:275,0
DA:276,0
DA:277,0
DA:280,0
DA:281,0
DA:282,0
DA:286,0
DA:287,0
DA:294,0
DA:296,0
DA:297,0
DA:301,0
DA:302,0
DA:303,0
DA:304,0
DA:305,0
DA:306,0
DA:307,0
DA:308,0
DA:311,0
DA:312,0
DA:315,0
DA:322,0
DA:324,0
DA:325,0
DA:328,0
DA:333,0
DA:334,0
DA:335,0
DA:338,0
DA:345,0
DA:347,0
DA:348,0
DA:351,0
DA:352,0
DA:353,0
DA:354,0
DA:357,0
DA:358,0
DA:362,0
DA:363,0
DA:364,0
DA:365,0
DA:366,0
DA:369,0
DA:370,0
DA:371,0
DA:372,0
DA:375,0
DA:376,0
DA:377,0
DA:378,0
DA:382,0
DA:383,0
DA:386,0
DA:393,0
DA:395,0
DA:396,0
DA:399,0
DA:401,0
DA:402,0
DA:403,0
DA:406,0
DA:413,0
DA:415,0
DA:416,0
DA:419,0
DA:420,0
DA:421,0
DA:422,0
DA:425,0
DA:428,0
DA:429,0
DA:430,0
DA:431,0
DA:432,0
DA:437,0
DA:438,0
DA:439,0
DA:440,0
DA:441,0
DA:446,0
DA:447,0
DA:448,0
DA:449,0
DA:450,0
DA:454,0
DA:459,0
DA:461,0
DA:465,0
DA:467,0
DA:471,0
DA:473,0
DA:474,0
DA:477,0
DA:478,0
DA:479,0
DA:480,0
DA:484,0
DA:485,0
DA:486,0
DA:487,0
DA:488,0
DA:489,0
DA:490,0
DA:495,0
DA:499,0
DA:501,0
DA:502,0
DA:505,0
DA:507,0
DA:508,0
DA:509,0
DA:511,0
DA:513,0
DA:514,0
DA:515,0
DA:519,0
DA:520,0
DA:522,0
DA:523,0
DA:524,0
DA:525,0
DA:529,0
DA:530,0
DA:531,0
DA:532,0
DA:538,0
DA:545,0
DA:547,0
DA:548,0
DA:551,0
DA:552,0
DA:553,0
DA:554,0
DA:558,0
DA:559,0
DA:561,0
DA:562,0
DA:563,0
DA:566,0
DA:573,0
DA:575,0
DA:576,0
DA:579,0
DA:580,0
DA:581,0
DA:582,0
DA:586,0
DA:587,0
DA:588,0
DA:591,0
DA:611,0
DA:612,0
DA:613,0
DA:615,0
DA:616,0
DA:617,0
DA:618,0
DA:620,0
DA:624,0
DA:625,0
DA:627,0
DA:629,0
DA:649,0
DA:650,0
DA:651,0
DA:653,0
DA:654,0
DA:655,0
DA:656,0
DA:657,0
DA:658,0
DA:660,0
DA:665,0
DA:667,0
DA:669,0
DA:694,0
DA:695,0
DA:696,0
DA:697,0
DA:708,0
DA:710,0
DA:713,0
DA:714,0
DA:717,0
DA:723,0
DA:726,0
DA:728,0
DA:735,0
DA:742,0
DA:749,0
DA:750,0
DA:762,0
DA:766,0
DA:769,0
DA:770,0
DA:771,0
DA:772,0
DA:773,0
DA:774,0
DA:776,0
DA:777,0
DA:779,0
DA:780,0
DA:784,0
DA:785,0
DA:786,0
DA:787,0
DA:788,0
DA:789,0
DA:791,0
DA:792,0
DA:796,0
DA:799,0
DA:800,0
DA:803,0
DA:804,0
DA:805,0
DA:809,0
DA:810,0
DA:811,0
DA:814,0
DA:817,0
DA:824,0
DA:825,0
DA:832,0
DA:839,0
DA:840,0
DA:857,0
DA:858,0
DA:859,0
DA:860,0
DA:861,0
DA:874,0
DA:876,0
DA:877,0
DA:880,0
DA:887,0
DA:894,0
DA:895,0
DA:896,0
DA:908,0
DA:910,0
DA:912,0
DA:913,0
DA:914,0
LF:360
LH:0
BRDA:51,0,0,0
BRDA:51,0,1,0
BRDA:53,1,0,0
BRDA:53,1,1,0
BRDA:53,2,0,0
BRDA:53,2,1,0
BRDA:53,2,2,0
BRDA:59,3,0,0
BRDA:59,3,1,0
BRDA:59,3,2,0
BRDA:59,3,3,0
BRDA:59,3,4,0
BRDA:59,3,5,0
BRDA:59,3,6,0
BRDA:59,3,7,0
BRDA:59,3,8,0
BRDA:59,3,9,0
BRDA:59,3,10,0
BRDA:59,3,11,0
BRDA:59,3,12,0
BRDA:59,3,13,0
BRDA:59,3,14,0
BRDA:59,3,15,0
BRDA:103,4,0,0
BRDA:103,4,1,0
BRDA:103,5,0,0
BRDA:103,5,1,0
BRDA:103,5,2,0
BRDA:110,6,0,0
BRDA:110,6,1,0
BRDA:115,7,0,0
BRDA:115,7,1,0
BRDA:120,8,0,0
BRDA:120,8,1,0
BRDA:126,9,0,0
BRDA:126,9,1,0
BRDA:131,10,0,0
BRDA:131,10,1,0
BRDA:131,11,0,0
BRDA:131,11,1,0
BRDA:135,12,0,0
BRDA:135,12,1,0
BRDA:135,13,0,0
BRDA:135,13,1,0
BRDA:140,14,0,0
BRDA:140,14,1,0
BRDA:145,15,0,0
BRDA:145,15,1,0
BRDA:152,16,0,0
BRDA:152,16,1,0
BRDA:152,17,0,0
BRDA:152,17,1,0
BRDA:157,18,0,0
BRDA:157,18,1,0
BRDA:161,19,0,0
BRDA:161,19,1,0
BRDA:175,20,0,0
BRDA:175,20,1,0
BRDA:175,21,0,0
BRDA:175,21,1,0
BRDA:182,22,0,0
BRDA:182,22,1,0
BRDA:187,23,0,0
BRDA:187,23,1,0
BRDA:192,24,0,0
BRDA:192,24,1,0
BRDA:198,25,0,0
BRDA:198,25,1,0
BRDA:205,26,0,0
BRDA:205,26,1,0
BRDA:207,27,0,0
BRDA:207,27,1,0
BRDA:207,28,0,0
BRDA:207,28,1,0
BRDA:221,29,0,0
BRDA:221,29,1,0
BRDA:221,30,0,0
BRDA:221,30,1,0
BRDA:221,30,2,0
BRDA:228,31,0,0
BRDA:228,31,1,0
BRDA:233,32,0,0
BRDA:233,32,1,0
BRDA:238,33,0,0
BRDA:238,33,1,0
BRDA:244,34,0,0
BRDA:244,34,1,0
BRDA:246,35,0,0
BRDA:246,35,1,0
BRDA:248,36,0,0
BRDA:248,36,1,0
BRDA:252,37,0,0
BRDA:252,37,1,0
BRDA:252,38,0,0
BRDA:252,38,1,0
BRDA:254,39,0,0
BRDA:254,39,1,0
BRDA:268,40,0,0
BRDA:268,40,1,0
BRDA:268,41,0,0
BRDA:268,41,1,0
BRDA:275,42,0,0
BRDA:275,42,1,0
BRDA:280,43,0,0
BRDA:280,43,1,0
BRDA:280,44,0,0
BRDA:280,44,1,0
BRDA:296,45,0,0
BRDA:296,45,1,0
BRDA:296,46,0,0
BRDA:296,46,1,0
BRDA:301,47,0,0
BRDA:301,47,1,0
BRDA:305,48,0,0
BRDA:305,48,1,0
BRDA:307,49,0,0
BRDA:307,49,1,0
BRDA:311,50,0,0
BRDA:311,50,1,0
BRDA:311,51,0,0
BRDA:311,51,1,0
BRDA:324,52,0,0
BRDA:324,52,1,0
BRDA:333,53,0,0
BRDA:333,53,1,0
BRDA:347,54,0,0
BRDA:347,54,1,0
BRDA:351,55,0,0
BRDA:351,55,1,0
BRDA:357,56,0,0
BRDA:357,56,1,0
BRDA:363,57,0,0
BRDA:363,57,1,0
BRDA:369,58,0,0
BRDA:369,58,1,0
BRDA:375,59,0,0
BRDA:375,59,1,0
BRDA:382,60,0,0
BRDA:382,60,1,0
BRDA:395,61,0,0
BRDA:395,61,1,0
BRDA:401,62,0,0
BRDA:401,62,1,0
BRDA:415,63,0,0
BRDA:415,63,1,0
BRDA:419,64,0,0
BRDA:419,64,1,0
BRDA:428,65,0,0
BRDA:428,65,1,0
BRDA:430,66,0,0
BRDA:430,66,1,0
BRDA:437,67,0,0
BRDA:437,67,1,0
BRDA:439,68,0,0
BRDA:439,68,1,0
BRDA:446,69,0,0
BRDA:446,69,1,0
BRDA:448,70,0,0
BRDA:448,70,1,0
BRDA:473,71,0,0
BRDA:473,71,1,0
BRDA:477,72,0,0
BRDA:477,72,1,0
BRDA:486,73,0,0
BRDA:486,73,1,0
BRDA:488,74,0,0
BRDA:488,74,1,0
BRDA:501,75,0,0
BRDA:501,75,1,0
BRDA:505,76,0,0
BRDA:505,76,1,0
BRDA:507,77,0,0
BRDA:507,77,1,0
BRDA:511,78,0,0
BRDA:511,78,1,0
BRDA:513,79,0,0
BRDA:513,79,1,0
BRDA:513,80,0,0
BRDA:513,80,1,0
BRDA:519,81,0,0
BRDA:519,81,1,0
BRDA:519,82,0,0
BRDA:519,82,1,0
BRDA:522,83,0,0
BRDA:522,83,1,0
BRDA:523,84,0,0
BRDA:523,84,1,0
BRDA:523,85,0,0
BRDA:523,85,1,0
BRDA:529,86,0,0
BRDA:529,86,1,0
BRDA:530,87,0,0
BRDA:530,87,1,0
BRDA:530,88,0,0
BRDA:530,88,1,0
BRDA:547,89,0,0
BRDA:547,89,1,0
BRDA:551,90,0,0
BRDA:551,90,1,0
BRDA:561,91,0,0
BRDA:561,91,1,0
BRDA:575,92,0,0
BRDA:575,92,1,0
BRDA:579,93,0,0
BRDA:579,93,1,0
BRDA:586,94,0,0
BRDA:586,94,1,0
BRDA:586,95,0,0
BRDA:586,95,1,0
BRDA:617,96,0,0
BRDA:617,96,1,0
BRDA:634,97,0,0
BRDA:634,97,1,0
BRDA:655,98,0,0
BRDA:655,98,1,0
BRDA:655,99,0,0
BRDA:655,99,1,0
BRDA:655,99,2,0
BRDA:657,100,0,0
BRDA:657,100,1,0
BRDA:665,101,0,0
BRDA:665,101,1,0
BRDA:673,102,0,0
BRDA:673,102,1,0
BRDA:673,103,0,0
BRDA:673,103,1,0
BRDA:713,104,0,0
BRDA:713,104,1,0
BRDA:726,105,0,0
BRDA:726,105,1,0
BRDA:735,106,0,0
BRDA:735,106,1,0
BRDA:742,107,0,0
BRDA:742,107,1,0
BRDA:769,108,0,0
BRDA:769,108,1,0
BRDA:769,109,0,0
BRDA:769,109,1,0
BRDA:771,110,0,0
BRDA:771,110,1,0
BRDA:771,111,0,0
BRDA:771,111,1,0
BRDA:773,112,0,0
BRDA:773,112,1,0
BRDA:774,113,0,0
BRDA:774,113,1,0
BRDA:784,114,0,0
BRDA:784,114,1,0
BRDA:784,115,0,0
BRDA:784,115,1,0
BRDA:787,116,0,0
BRDA:787,116,1,0
BRDA:799,117,0,0
BRDA:799,117,1,0
BRDA:804,118,0,0
BRDA:804,118,1,0
BRDA:825,119,0,0
BRDA:825,119,1,0
BRDA:853,120,0,0
BRF:259
BRH:0
end_of_record
TN:
SF:src\utils\errors.ts
FN:25,(anonymous_0)
FN:44,(anonymous_1)
FN:51,(anonymous_2)
FN:57,(anonymous_3)
FN:69,(anonymous_4)
FN:86,(anonymous_5)
FN:113,(anonymous_6)
FN:137,(anonymous_7)
FN:145,withRetry
FN:164,(anonymous_9)
FNF:10
FNH:0
FNDA:0,(anonymous_0)
FNDA:0,(anonymous_1)
FNDA:0,(anonymous_2)
FNDA:0,(anonymous_3)
FNDA:0,(anonymous_4)
FNDA:0,(anonymous_5)
FNDA:0,(anonymous_6)
FNDA:0,(anonymous_7)
FNDA:0,withRetry
FNDA:0,(anonymous_9)
DA:32,0
DA:33,0
DA:36,0
DA:37,0
DA:45,0
DA:52,0
DA:63,0
DA:64,0
DA:74,0
DA:75,0
DA:87,0
DA:88,0
DA:91,0
DA:92,0
DA:101,0
DA:102,0
DA:114,0
DA:118,0
DA:119,0
DA:126,0
DA:138,0
DA:152,0
DA:153,0
DA:154,0
DA:156,0
DA:158,0
DA:159,0
DA:163,0
DA:164,0
DA:166,0
DA:170,0
LF:31
LH:0
BRDA:29,0,0,0
BRDA:36,1,0,0
BRDA:36,1,1,0
BRDA:45,2,0,0
BRDA:45,2,1,0
BRDA:59,3,0,0
BRDA:60,4,0,0
BRDA:71,5,0,0
BRDA:72,6,0,0
BRDA:87,7,0,0
BRDA:87,7,1,0
BRDA:91,8,0,0
BRDA:91,8,1,0
BRDA:101,9,0,0
BRDA:101,9,1,0
BRDA:114,10,0,0
BRDA:114,10,1,0
BRDA:118,11,0,0
BRDA:118,11,1,0
BRDA:137,12,0,0
BRDA:138,13,0,0
BRDA:138,13,1,0
BRDA:147,14,0,0
BRDA:148,15,0,0
BRDA:158,16,0,0
BRDA:158,16,1,0
BRF:26
BRH:0
end_of_record
TN:
SF:src\utils\formDisclosure.ts
FN:285,(anonymous_0)
FN:290,(anonymous_1)
FN:291,(anonymous_2)
FN:297,(anonymous_3)
FN:301,(anonymous_4)
FN:302,(anonymous_5)
FN:308,(anonymous_6)
FN:316,(anonymous_7)
FN:325,(anonymous_8)
FN:331,(anonymous_9)
FN:343,(anonymous_10)
FN:348,(anonymous_11)
FN:360,(anonymous_12)
FN:376,(anonymous_13)
FN:383,(anonymous_14)
FN:398,(anonymous_15)
FN:409,(anonymous_16)
FN:468,getFormSections
FN:476,(anonymous_18)
FN:488,(anonymous_19)
FN:500,(anonymous_20)
FN:511,(anonymous_21)
FN:517,(anonymous_22)
FNF:23
FNH:0
FNDA:0,(anonymous_0)
FNDA:0,(anonymous_1)
FNDA:0,(anonymous_2)
FNDA:0,(anonymous_3)
FNDA:0,(anonymous_4)
FNDA:0,(anonymous_5)
FNDA:0,(anonymous_6)
FNDA:0,(anonymous_7)
FNDA:0,(anonymous_8)
FNDA:0,(anonymous_9)
FNDA:0,(anonymous_10)
FNDA:0,(anonymous_11)
FNDA:0,(anonymous_12)
FNDA:0,(anonymous_13)
FNDA:0,(anonymous_14)
FNDA:0,(anonymous_15)
FNDA:0,(anonymous_16)
FNDA:0,getFormSections
FNDA:0,(anonymous_18)
FNDA:0,(anonymous_19)
FNDA:0,(anonymous_20)
FNDA:0,(anonymous_21)
FNDA:0,(anonymous_22)
DA:38,0
DA:286,0
DA:287,0
DA:289,0
DA:290,0
DA:291,0
DA:298,0
DA:300,0
DA:301,0
DA:302,0
DA:309,0
DA:310,0
DA:317,0
DA:318,0
DA:330,0
DA:331,0
DA:332,0
DA:333,0
DA:334,0
DA:338,0
DA:342,0
DA:344,0
DA:345,0
DA:346,0
DA:348,0
DA:350,0
DA:361,0
DA:363,0
DA:365,0
DA:367,0
DA:369,0
DA:377,0
DA:387,0
DA:398,0
DA:415,0
DA:420,0
DA:431,0
DA:436,0
DA:442,0
DA:469,0
DA:471,0
DA:476,0
DA:483,0
DA:484,0
DA:488,0
DA:495,0
DA:496,0
DA:500,0
DA:508,0
DA:511,0
DA:517,0
LF:51
LH:0
BRDA:310,0,0,0
BRDA:310,0,1,0
BRDA:318,1,0,0
BRDA:318,1,1,0
BRDA:334,2,0,0
BRDA:334,2,1,0
BRDA:334,2,2,0
BRDA:334,2,3,0
BRDA:338,3,0,0
BRDA:338,3,1,0
BRDA:346,4,0,0
BRDA:346,4,1,0
BRDA:346,4,2,0
BRDA:361,5,0,0
BRDA:361,5,1,0
BRDA:361,5,2,0
BRDA:361,5,3,0
BRDA:384,6,0,0
BRDA:385,7,0,0
BRDA:420,8,0,0
BRDA:420,8,1,0
BRDA:431,9,0,0
BRDA:431,9,1,0
BRDA:433,10,0,0
BRDA:433,10,1,0
BRDA:475,11,0,0
BRDA:475,11,1,0
BRDA:483,12,0,0
BRDA:483,12,1,0
BRDA:495,13,0,0
BRDA:495,13,1,0
BRF:31
BRH:0
end_of_record
TN:
SF:src\utils\validation.ts
FN:6,validateRating
FN:17,validateAbv
FN:24,validateQuickEntryForm
FN:63,sanitizeFormData
FNF:4
FNH:0
FNDA:0,validateRating
FNDA:0,validateAbv
FNDA:0,validateQuickEntryForm
FNDA:0,sanitizeFormData
DA:7,0
DA:8,0
DA:9,0
DA:11,0
DA:18,0
DA:28,0
DA:31,0
DA:32,0
DA:33,0
DA:34,0
DA:38,0
DA:39,0
DA:40,0
DA:41,0
DA:45,0
DA:46,0
DA:50,0
DA:51,0
DA:54,0
DA:64,0
LF:20
LH:0
BRDA:8,0,0,0
BRDA:8,0,1,0
BRDA:8,1,0,0
BRDA:8,1,1,0
BRDA:18,2,0,0
BRDA:18,2,1,0
BRDA:31,3,0,0
BRDA:31,3,1,0
BRDA:33,4,0,0
BRDA:33,4,1,0
BRDA:38,5,0,0
BRDA:38,5,1,0
BRDA:40,6,0,0
BRDA:40,6,1,0
BRDA:45,7,0,0
BRDA:45,7,1,0
BRDA:50,8,0,0
BRDA:50,8,1,0
BRDA:50,9,0,0
BRDA:50,9,1,0
BRF:20
BRH:0
end_of_record
TN:
SF:src\utils\venueConsolidation.ts
FN:174,(anonymous_0)
FN:230,(anonymous_1)
FN:249,(anonymous_2)
FN:254,(anonymous_3)
FN:259,(anonymous_4)
FN:264,(anonymous_5)
FN:275,(anonymous_6)
FN:284,(anonymous_7)
FN:297,(anonymous_8)
FN:308,(anonymous_9)
FN:320,(anonymous_10)
FN:352,(anonymous_11)
FN:370,(anonymous_12)
FN:382,(anonymous_13)
FN:383,(anonymous_14)
FN:389,(anonymous_15)
FN:397,(anonymous_16)
FN:415,(anonymous_17)
FN:458,(anonymous_18)
FN:472,(anonymous_19)
FN:473,(anonymous_20)
FN:479,(anonymous_21)
FN:480,(anonymous_22)
FN:486,(anonymous_23)
FN:491,(anonymous_24)
FNF:25
FNH:0
FNDA:0,(anonymous_0)
FNDA:0,(anonymous_1)
FNDA:0,(anonymous_2)
FNDA:0,(anonymous_3)
FNDA:0,(anonymous_4)
FNDA:0,(anonymous_5)
FNDA:0,(anonymous_6)
FNDA:0,(anonymous_7)
FNDA:0,(anonymous_8)
FNDA:0,(anonymous_9)
FNDA:0,(anonymous_10)
FNDA:0,(anonymous_11)
FNDA:0,(anonymous_12)
FNDA:0,(anonymous_13)
FNDA:0,(anonymous_14)
FNDA:0,(anonymous_15)
FNDA:0,(anonymous_16)
FNDA:0,(anonymous_17)
FNDA:0,(anonymous_18)
FNDA:0,(anonymous_19)
FNDA:0,(anonymous_20)
FNDA:0,(anonymous_21)
FNDA:0,(anonymous_22)
FNDA:0,(anonymous_23)
FNDA:0,(anonymous_24)
DA:25,0
DA:140,0
DA:179,0
DA:182,0
DA:183,0
DA:184,0
DA:195,0
DA:198,0
DA:200,0
DA:201,0
DA:203,0
DA:204,0
DA:216,0
DA:217,0
DA:231,0
DA:232,0
DA:238,0
DA:243,0
DA:250,0
DA:252,0
DA:254,0
DA:255,0
DA:259,0
DA:260,0
DA:264,0
DA:265,0
DA:269,0
DA:276,0
DA:279,0
DA:280,0
DA:282,0
DA:284,0
DA:285,0
DA:290,0
DA:297,0
DA:298,0
DA:302,0
DA:314,0
DA:325,0
DA:327,0
DA:328,0
DA:331,0
DA:332,0
DA:335,0
DA:336,0
DA:337,0
DA:338,0
DA:341,0
DA:342,0
DA:346,0
DA:353,0
DA:354,0
DA:355,0
DA:356,0
DA:357,0
DA:359,0
DA:362,0
DA:364,0
DA:371,0
DA:372,0
DA:376,0
DA:383,0
DA:390,0
DA:392,0
DA:395,0
DA:396,0
DA:397,0
DA:398,0
DA:403,0
DA:404,0
DA:405,0
DA:409,0
DA:420,0
DA:421,0
DA:423,0
DA:424,0
DA:425,0
DA:426,0
DA:429,0
DA:430,0
DA:433,0
DA:434,0
DA:435,0
DA:437,0
DA:438,0
DA:442,0
DA:459,0
DA:461,0
DA:463,0
DA:464,0
DA:466,0
DA:467,0
DA:471,0
DA:472,0
DA:473,0
DA:480,0
DA:491,0
DA:492,0
DA:494,0
DA:495,0
LF:100
LH:0
BRDA:183,0,0,0
BRDA:183,0,1,0
BRDA:200,1,0,0
BRDA:200,1,1,0
BRDA:203,2,0,0
BRDA:203,2,1,0
BRDA:208,3,0,0
BRDA:208,3,1,0
BRDA:216,4,0,0
BRDA:216,4,1,0
BRDA:231,5,0,0
BRDA:231,5,1,0
BRDA:254,6,0,0
BRDA:254,6,1,0
BRDA:259,7,0,0
BRDA:259,7,1,0
BRDA:264,8,0,0
BRDA:264,8,1,0
BRDA:280,9,0,0
BRDA:280,9,1,0
BRDA:280,10,0,0
BRDA:280,10,1,0
BRDA:284,11,0,0
BRDA:284,11,1,0
BRDA:297,12,0,0
BRDA:297,12,1,0
BRDA:335,13,0,0
BRDA:335,13,1,0
BRDA:335,14,0,0
BRDA:335,14,1,0
BRDA:337,15,0,0
BRDA:337,15,1,0
BRDA:341,16,0,0
BRDA:341,16,1,0
BRDA:371,17,0,0
BRDA:371,17,1,0
BRDA:372,18,0,0
BRDA:372,18,1,0
BRDA:389,19,0,0
BRDA:390,20,0,0
BRDA:390,20,1,0
BRDA:396,21,0,0
BRDA:396,21,1,0
BRDA:396,22,0,0
BRDA:396,22,1,0
BRDA:404,23,0,0
BRDA:404,23,1,0
BRDA:423,24,0,0
BRDA:423,24,1,0
BRDA:423,25,0,0
BRDA:423,25,1,0
BRDA:425,26,0,0
BRDA:425,26,1,0
BRDA:429,27,0,0
BRDA:429,27,1,0
BRDA:429,28,0,0
BRDA:429,28,1,0
BRDA:433,29,0,0
BRDA:433,29,1,0
BRDA:434,30,0,0
BRDA:434,30,1,0
BRDA:437,31,0,0
BRDA:437,31,1,0
BRDA:459,32,0,0
BRDA:459,32,1,0
BRDA:466,33,0,0
BRDA:466,33,1,0
BRDA:492,34,0,0
BRDA:492,34,1,0
BRF:69
BRH:0
end_of_record
